[01:54:23] [main/INFO] Registered plugin provider AdornReiServer [adorn] for REIPlugin
[01:54:23] [main/INFO] Registered plugin provider ImprovedStationsREIContainerInfo [improved-stations] for REIPlugin
[01:54:23] [main/INFO] Registered plugin provider DefaultPlugin [roughlyenoughitems] for REIPlugin
[01:54:23] [main/INFO] Registered plugin provider DefaultRuntimePlugin [roughlyenoughitems] for REIPlugin
[01:54:23] [main/INFO] Registered plugin provider MegaCraftingPlugin [bigbenchtheory] for REIPlugin
[01:54:23] [main/INFO] Registered plugin provider ConjuringCommonPlugin [conjuring] for REIPlugin
[01:54:23] [main/INFO] Registered plugin provider REIServerIntegration [spectrum] for REIPlugin
[01:54:23] [main/INFO] Registered plugin provider AdornReiServer [adorn] for REIServerPlugin
[01:54:23] [main/INFO] Registered plugin provider ImprovedStationsREIContainerInfo [improved-stations] for REIServerPlugin
[01:54:23] [main/INFO] Registered plugin provider DefaultPlugin [roughlyenoughitems] for REIServerPlugin
[01:54:23] [main/INFO] Registered plugin provider DefaultRuntimePlugin [roughlyenoughitems] for REIServerPlugin
[01:54:23] [main/INFO] Registered plugin provider MegaCraftingPlugin [bigbenchtheory] for REIServerPlugin
[01:54:23] [main/INFO] Registered plugin provider ConjuringCommonPlugin [conjuring] for REIServerPlugin
[01:54:23] [main/INFO] Registered plugin provider REIServerIntegration [spectrum] for REIServerPlugin
[01:54:23] [main/INFO] Registered plugin provider FabricFluidAPISupportPlugin for REIServerPlugin
[01:54:23] [main/INFO] Registered plugin provider FabricFluidAPISupportPlugin for REIPlugin
[01:54:41] [ForkJoinPool.commonPool-worker-2/DEBUG] [START] Reloading Section: "pre-register/"
[01:54:41] [ForkJoinPool.commonPool-worker-2/DEBUG] [START] Reloading Section: "pre-register/DefaultPlugin [roughlyenoughitems]/"
[01:54:41] [ForkJoinPool.commonPool-worker-2/DEBUG] [START] Reloading Section: "pre-register/DefaultPlugin [roughlyenoughitems]/" done in 650.2 μs
[01:54:41] [ForkJoinPool.commonPool-worker-2/DEBUG] [START] Reloading Section: "pre-register/FabricFluidAPISupportPlugin/"
[01:54:41] [ForkJoinPool.commonPool-worker-2/DEBUG] [START] Reloading Section: "pre-register/FabricFluidAPISupportPlugin/" done in 12.12 μs
[01:54:41] [ForkJoinPool.commonPool-worker-2/DEBUG] [START] Reloading Section: "pre-register/REIServerIntegration [spectrum]/"
[01:54:41] [ForkJoinPool.commonPool-worker-2/DEBUG] [START] Reloading Section: "pre-register/REIServerIntegration [spectrum]/" done in 21.55 μs
[01:54:41] [ForkJoinPool.commonPool-worker-2/DEBUG] [START] Reloading Section: "pre-register/ConjuringCommonPlugin [conjuring]/"
[01:54:41] [ForkJoinPool.commonPool-worker-2/DEBUG] [START] Reloading Section: "pre-register/ConjuringCommonPlugin [conjuring]/" done in 13.21 μs
[01:54:41] [ForkJoinPool.commonPool-worker-2/DEBUG] [START] Reloading Section: "pre-register/MegaCraftingPlugin [bigbenchtheory]/"
[01:54:41] [ForkJoinPool.commonPool-worker-2/DEBUG] [START] Reloading Section: "pre-register/MegaCraftingPlugin [bigbenchtheory]/" done in 10.66 μs
[01:54:41] [ForkJoinPool.commonPool-worker-2/DEBUG] [START] Reloading Section: "pre-register/DefaultRuntimePlugin [roughlyenoughitems]/"
[01:54:41] [ForkJoinPool.commonPool-worker-2/DEBUG] [START] Reloading Section: "pre-register/DefaultRuntimePlugin [roughlyenoughitems]/" done in 10.07 μs
[01:54:41] [ForkJoinPool.commonPool-worker-2/DEBUG] [START] Reloading Section: "pre-register/ImprovedStationsREIContainerInfo [improved-stations]/"
[01:54:41] [ForkJoinPool.commonPool-worker-2/DEBUG] [START] Reloading Section: "pre-register/ImprovedStationsREIContainerInfo [improved-stations]/" done in 10.24 μs
[01:54:41] [ForkJoinPool.commonPool-worker-2/DEBUG] [START] Reloading Section: "pre-register/AdornReiServer [adorn]/"
[01:54:41] [ForkJoinPool.commonPool-worker-2/DEBUG] [START] Reloading Section: "pre-register/AdornReiServer [adorn]/" done in 43.68 μs
[01:54:41] [ForkJoinPool.commonPool-worker-2/DEBUG] [START] Reloading Section: "pre-register/" done in 13.49 ms
[01:54:41] [ForkJoinPool.commonPool-worker-2/DEBUG] [START] Reloading Section: "pre-register/"
[01:54:41] [ForkJoinPool.commonPool-worker-2/DEBUG] [START] Reloading Section: "pre-register/DefaultPlugin [roughlyenoughitems]/"
[01:54:41] [ForkJoinPool.commonPool-worker-2/DEBUG] [START] Reloading Section: "pre-register/DefaultPlugin [roughlyenoughitems]/" done in 10.79 μs
[01:54:41] [ForkJoinPool.commonPool-worker-2/DEBUG] [START] Reloading Section: "pre-register/FabricFluidAPISupportPlugin/"
[01:54:41] [ForkJoinPool.commonPool-worker-2/DEBUG] [START] Reloading Section: "pre-register/FabricFluidAPISupportPlugin/" done in 10.82 μs
[01:54:41] [ForkJoinPool.commonPool-worker-2/DEBUG] [START] Reloading Section: "pre-register/REIServerIntegration [spectrum]/"
[01:54:41] [ForkJoinPool.commonPool-worker-2/DEBUG] [START] Reloading Section: "pre-register/REIServerIntegration [spectrum]/" done in 12.51 μs
[01:54:41] [ForkJoinPool.commonPool-worker-2/DEBUG] [START] Reloading Section: "pre-register/ConjuringCommonPlugin [conjuring]/"
[01:54:41] [ForkJoinPool.commonPool-worker-2/DEBUG] [START] Reloading Section: "pre-register/ConjuringCommonPlugin [conjuring]/" done in 11.33 μs
[01:54:41] [ForkJoinPool.commonPool-worker-2/DEBUG] [START] Reloading Section: "pre-register/MegaCraftingPlugin [bigbenchtheory]/"
[01:54:41] [ForkJoinPool.commonPool-worker-2/DEBUG] [START] Reloading Section: "pre-register/MegaCraftingPlugin [bigbenchtheory]/" done in 12.15 μs
[01:54:41] [ForkJoinPool.commonPool-worker-2/DEBUG] [START] Reloading Section: "pre-register/DefaultRuntimePlugin [roughlyenoughitems]/"
[01:54:41] [ForkJoinPool.commonPool-worker-2/DEBUG] [START] Reloading Section: "pre-register/DefaultRuntimePlugin [roughlyenoughitems]/" done in 10.81 μs
[01:54:41] [ForkJoinPool.commonPool-worker-2/DEBUG] [START] Reloading Section: "pre-register/ImprovedStationsREIContainerInfo [improved-stations]/"
[01:54:41] [ForkJoinPool.commonPool-worker-2/DEBUG] [START] Reloading Section: "pre-register/ImprovedStationsREIContainerInfo [improved-stations]/" done in 9.896 μs
[01:54:41] [ForkJoinPool.commonPool-worker-2/DEBUG] [START] Reloading Section: "pre-register/AdornReiServer [adorn]/"
[01:54:41] [ForkJoinPool.commonPool-worker-2/DEBUG] [START] Reloading Section: "pre-register/AdornReiServer [adorn]/" done in 10.32 μs
[01:54:41] [ForkJoinPool.commonPool-worker-2/DEBUG] [START] Reloading Section: "pre-register/" done in 1.392 ms
[01:54:41] [ForkJoinPool.commonPool-worker-2/DEBUG] [START] Reloading Section: "start-reload/"
[01:54:41] [ForkJoinPool.commonPool-worker-2/DEBUG] [START] Reloading Section: "start-reload/EntryTypeRegistryImpl/"
[01:54:41] [ForkJoinPool.commonPool-worker-2/DEBUG] [START] Reloading Section: "start-reload/EntryTypeRegistryImpl/" done in 339.9 μs
[01:54:41] [ForkJoinPool.commonPool-worker-2/DEBUG] [START] Reloading Section: "start-reload/EntrySettingsAdapterRegistryImpl/"
[01:54:41] [ForkJoinPool.commonPool-worker-2/DEBUG] [START] Reloading Section: "start-reload/EntrySettingsAdapterRegistryImpl/" done in 14.52 μs
[01:54:41] [ForkJoinPool.commonPool-worker-2/DEBUG] [START] Reloading Section: "start-reload/RecipeManagerContextImpl/"
[01:54:41] [ForkJoinPool.commonPool-worker-2/DEBUG] [START] Reloading Section: "start-reload/RecipeManagerContextImpl/" done in 9.938 μs
[01:54:41] [ForkJoinPool.commonPool-worker-2/DEBUG] [START] Reloading Section: "start-reload/ItemComparatorRegistryImpl/"
[01:54:41] [ForkJoinPool.commonPool-worker-2/DEBUG] [START] Reloading Section: "start-reload/ItemComparatorRegistryImpl/" done in 47.90 μs
[01:54:41] [ForkJoinPool.commonPool-worker-2/DEBUG] [START] Reloading Section: "start-reload/FluidComparatorRegistryImpl/"
[01:54:41] [ForkJoinPool.commonPool-worker-2/DEBUG] [START] Reloading Section: "start-reload/FluidComparatorRegistryImpl/" done in 13.21 μs
[01:54:41] [ForkJoinPool.commonPool-worker-2/DEBUG] [START] Reloading Section: "start-reload/DisplaySerializerRegistryImpl/"
[01:54:41] [ForkJoinPool.commonPool-worker-2/DEBUG] [START] Reloading Section: "start-reload/DisplaySerializerRegistryImpl/" done in 10.08 μs
[01:54:41] [ForkJoinPool.commonPool-worker-2/DEBUG] [START] Reloading Section: "start-reload/FluidSupportProviderImpl/"
[01:54:41] [ForkJoinPool.commonPool-worker-2/DEBUG] [START] Reloading Section: "start-reload/FluidSupportProviderImpl/" done in 27.13 μs
[01:54:41] [ForkJoinPool.commonPool-worker-2/DEBUG] [START] Reloading Section: "start-reload/" done in 1.875 ms
[01:54:41] [ForkJoinPool.commonPool-worker-2/INFO] Reloading Plugin Manager [REIPlugin] stage [START], registered 8 plugins: AdornReiServer [adorn], ImprovedStationsREIContainerInfo [improved-stations], DefaultRuntimePlugin [roughlyenoughitems], MegaCraftingPlugin [bigbenchtheory], ConjuringCommonPlugin [conjuring], REIServerIntegration [spectrum], FabricFluidAPISupportPlugin, DefaultPlugin [roughlyenoughitems]
[01:54:41] [ForkJoinPool.commonPool-worker-2/DEBUG] [START] Reloading Section: "reloadable-plugin/EntryTypeRegistryImpl/"
[01:54:41] [ForkJoinPool.commonPool-worker-2/DEBUG] [START] Reloading Section: "reloadable-plugin/EntryTypeRegistryImpl/DefaultPlugin [roughlyenoughitems]/"
[01:54:41] [ForkJoinPool.commonPool-worker-2/DEBUG] [START] Reloading Section: "reloadable-plugin/EntryTypeRegistryImpl/DefaultPlugin [roughlyenoughitems]/" done in 83.68 μs
[01:54:41] [ForkJoinPool.commonPool-worker-2/DEBUG] [START] Reloading Section: "reloadable-plugin/EntryTypeRegistryImpl/FabricFluidAPISupportPlugin/"
[01:54:41] [ForkJoinPool.commonPool-worker-2/DEBUG] [START] Reloading Section: "reloadable-plugin/EntryTypeRegistryImpl/FabricFluidAPISupportPlugin/" done in 15.44 μs
[01:54:41] [ForkJoinPool.commonPool-worker-2/DEBUG] [START] Reloading Section: "reloadable-plugin/EntryTypeRegistryImpl/REIServerIntegration [spectrum]/"
[01:54:41] [ForkJoinPool.commonPool-worker-2/DEBUG] [START] Reloading Section: "reloadable-plugin/EntryTypeRegistryImpl/REIServerIntegration [spectrum]/" done in 14.32 μs
[01:54:41] [ForkJoinPool.commonPool-worker-2/DEBUG] [START] Reloading Section: "reloadable-plugin/EntryTypeRegistryImpl/ConjuringCommonPlugin [conjuring]/"
[01:54:41] [ForkJoinPool.commonPool-worker-2/DEBUG] [START] Reloading Section: "reloadable-plugin/EntryTypeRegistryImpl/ConjuringCommonPlugin [conjuring]/" done in 14.33 μs
[01:54:41] [ForkJoinPool.commonPool-worker-2/DEBUG] [START] Reloading Section: "reloadable-plugin/EntryTypeRegistryImpl/MegaCraftingPlugin [bigbenchtheory]/"
[01:54:41] [ForkJoinPool.commonPool-worker-2/DEBUG] [START] Reloading Section: "reloadable-plugin/EntryTypeRegistryImpl/MegaCraftingPlugin [bigbenchtheory]/" done in 14.04 μs
[01:54:41] [ForkJoinPool.commonPool-worker-2/DEBUG] [START] Reloading Section: "reloadable-plugin/EntryTypeRegistryImpl/DefaultRuntimePlugin [roughlyenoughitems]/"
[01:54:41] [ForkJoinPool.commonPool-worker-2/DEBUG] [START] Reloading Section: "reloadable-plugin/EntryTypeRegistryImpl/DefaultRuntimePlugin [roughlyenoughitems]/" done in 7.535 ms
[01:54:41] [ForkJoinPool.commonPool-worker-2/DEBUG] [START] Reloading Section: "reloadable-plugin/EntryTypeRegistryImpl/ImprovedStationsREIContainerInfo [improved-stations]/"
[01:54:41] [ForkJoinPool.commonPool-worker-2/DEBUG] [START] Reloading Section: "reloadable-plugin/EntryTypeRegistryImpl/ImprovedStationsREIContainerInfo [improved-stations]/" done in 16.01 μs
[01:54:41] [ForkJoinPool.commonPool-worker-2/DEBUG] [START] Reloading Section: "reloadable-plugin/EntryTypeRegistryImpl/AdornReiServer [adorn]/"
[01:54:41] [ForkJoinPool.commonPool-worker-2/DEBUG] [START] Reloading Section: "reloadable-plugin/EntryTypeRegistryImpl/AdornReiServer [adorn]/" done in 16.47 μs
[01:54:41] [ForkJoinPool.commonPool-worker-2/DEBUG] [START] Reloading Section: "reloadable-plugin/EntryTypeRegistryImpl/" done in 9.554 ms
[01:54:41] [ForkJoinPool.commonPool-worker-2/DEBUG] [START] Reloading Section: "reloadable-plugin/EntrySettingsAdapterRegistryImpl/"
[01:54:41] [ForkJoinPool.commonPool-worker-2/DEBUG] [START] Reloading Section: "reloadable-plugin/EntrySettingsAdapterRegistryImpl/DefaultPlugin [roughlyenoughitems]/"
[01:54:41] [ForkJoinPool.commonPool-worker-2/DEBUG] [START] Reloading Section: "reloadable-plugin/EntrySettingsAdapterRegistryImpl/DefaultPlugin [roughlyenoughitems]/" done in 14.41 μs
[01:54:41] [ForkJoinPool.commonPool-worker-2/DEBUG] [START] Reloading Section: "reloadable-plugin/EntrySettingsAdapterRegistryImpl/FabricFluidAPISupportPlugin/"
[01:54:41] [ForkJoinPool.commonPool-worker-2/DEBUG] [START] Reloading Section: "reloadable-plugin/EntrySettingsAdapterRegistryImpl/FabricFluidAPISupportPlugin/" done in 15.40 μs
[01:54:41] [ForkJoinPool.commonPool-worker-2/DEBUG] [START] Reloading Section: "reloadable-plugin/EntrySettingsAdapterRegistryImpl/REIServerIntegration [spectrum]/"
[01:54:41] [ForkJoinPool.commonPool-worker-2/DEBUG] [START] Reloading Section: "reloadable-plugin/EntrySettingsAdapterRegistryImpl/REIServerIntegration [spectrum]/" done in 16.75 μs
[01:54:41] [ForkJoinPool.commonPool-worker-2/DEBUG] [START] Reloading Section: "reloadable-plugin/EntrySettingsAdapterRegistryImpl/ConjuringCommonPlugin [conjuring]/"
[01:54:41] [ForkJoinPool.commonPool-worker-2/DEBUG] [START] Reloading Section: "reloadable-plugin/EntrySettingsAdapterRegistryImpl/ConjuringCommonPlugin [conjuring]/" done in 14.50 μs
[01:54:41] [ForkJoinPool.commonPool-worker-2/DEBUG] [START] Reloading Section: "reloadable-plugin/EntrySettingsAdapterRegistryImpl/MegaCraftingPlugin [bigbenchtheory]/"
[01:54:41] [ForkJoinPool.commonPool-worker-2/DEBUG] [START] Reloading Section: "reloadable-plugin/EntrySettingsAdapterRegistryImpl/MegaCraftingPlugin [bigbenchtheory]/" done in 23.99 μs
[01:54:41] [ForkJoinPool.commonPool-worker-2/DEBUG] [START] Reloading Section: "reloadable-plugin/EntrySettingsAdapterRegistryImpl/DefaultRuntimePlugin [roughlyenoughitems]/"
[01:54:41] [ForkJoinPool.commonPool-worker-2/DEBUG] [START] Reloading Section: "reloadable-plugin/EntrySettingsAdapterRegistryImpl/DefaultRuntimePlugin [roughlyenoughitems]/" done in 14.58 μs
[01:54:41] [ForkJoinPool.commonPool-worker-2/DEBUG] [START] Reloading Section: "reloadable-plugin/EntrySettingsAdapterRegistryImpl/ImprovedStationsREIContainerInfo [improved-stations]/"
[01:54:41] [ForkJoinPool.commonPool-worker-2/DEBUG] [START] Reloading Section: "reloadable-plugin/EntrySettingsAdapterRegistryImpl/ImprovedStationsREIContainerInfo [improved-stations]/" done in 13.96 μs
[01:54:41] [ForkJoinPool.commonPool-worker-2/DEBUG] [START] Reloading Section: "reloadable-plugin/EntrySettingsAdapterRegistryImpl/AdornReiServer [adorn]/"
[01:54:41] [ForkJoinPool.commonPool-worker-2/DEBUG] [START] Reloading Section: "reloadable-plugin/EntrySettingsAdapterRegistryImpl/AdornReiServer [adorn]/" done in 14.72 μs
[01:54:41] [ForkJoinPool.commonPool-worker-2/DEBUG] [START] Reloading Section: "reloadable-plugin/EntrySettingsAdapterRegistryImpl/" done in 1.303 ms
[01:54:41] [ForkJoinPool.commonPool-worker-2/DEBUG] [START] Reloading Section: "reloadable-plugin/RecipeManagerContextImpl/"
[01:54:41] [ForkJoinPool.commonPool-worker-2/DEBUG] [START] Reloading Section: "reloadable-plugin/RecipeManagerContextImpl/DefaultPlugin [roughlyenoughitems]/"
[01:54:41] [ForkJoinPool.commonPool-worker-2/DEBUG] [START] Reloading Section: "reloadable-plugin/RecipeManagerContextImpl/DefaultPlugin [roughlyenoughitems]/" done in 13.01 μs
[01:54:41] [ForkJoinPool.commonPool-worker-2/DEBUG] [START] Reloading Section: "reloadable-plugin/RecipeManagerContextImpl/FabricFluidAPISupportPlugin/"
[01:54:41] [ForkJoinPool.commonPool-worker-2/DEBUG] [START] Reloading Section: "reloadable-plugin/RecipeManagerContextImpl/FabricFluidAPISupportPlugin/" done in 14.09 μs
[01:54:41] [ForkJoinPool.commonPool-worker-2/DEBUG] [START] Reloading Section: "reloadable-plugin/RecipeManagerContextImpl/REIServerIntegration [spectrum]/"
[01:54:41] [ForkJoinPool.commonPool-worker-2/DEBUG] [START] Reloading Section: "reloadable-plugin/RecipeManagerContextImpl/REIServerIntegration [spectrum]/" done in 16.10 μs
[01:54:41] [ForkJoinPool.commonPool-worker-2/DEBUG] [START] Reloading Section: "reloadable-plugin/RecipeManagerContextImpl/ConjuringCommonPlugin [conjuring]/"
[01:54:41] [ForkJoinPool.commonPool-worker-2/DEBUG] [START] Reloading Section: "reloadable-plugin/RecipeManagerContextImpl/ConjuringCommonPlugin [conjuring]/" done in 14.01 μs
[01:54:41] [ForkJoinPool.commonPool-worker-2/DEBUG] [START] Reloading Section: "reloadable-plugin/RecipeManagerContextImpl/MegaCraftingPlugin [bigbenchtheory]/"
[01:54:41] [ForkJoinPool.commonPool-worker-2/DEBUG] [START] Reloading Section: "reloadable-plugin/RecipeManagerContextImpl/MegaCraftingPlugin [bigbenchtheory]/" done in 13.97 μs
[01:54:41] [ForkJoinPool.commonPool-worker-2/DEBUG] [START] Reloading Section: "reloadable-plugin/RecipeManagerContextImpl/DefaultRuntimePlugin [roughlyenoughitems]/"
[01:54:41] [ForkJoinPool.commonPool-worker-2/DEBUG] [START] Reloading Section: "reloadable-plugin/RecipeManagerContextImpl/DefaultRuntimePlugin [roughlyenoughitems]/" done in 13.98 μs
[01:54:41] [ForkJoinPool.commonPool-worker-2/DEBUG] [START] Reloading Section: "reloadable-plugin/RecipeManagerContextImpl/ImprovedStationsREIContainerInfo [improved-stations]/"
[01:54:41] [ForkJoinPool.commonPool-worker-2/DEBUG] [START] Reloading Section: "reloadable-plugin/RecipeManagerContextImpl/ImprovedStationsREIContainerInfo [improved-stations]/" done in 13.84 μs
[01:54:41] [ForkJoinPool.commonPool-worker-2/DEBUG] [START] Reloading Section: "reloadable-plugin/RecipeManagerContextImpl/AdornReiServer [adorn]/"
[01:54:41] [ForkJoinPool.commonPool-worker-2/DEBUG] [START] Reloading Section: "reloadable-plugin/RecipeManagerContextImpl/AdornReiServer [adorn]/" done in 14.57 μs
[01:54:41] [ForkJoinPool.commonPool-worker-2/DEBUG] [START] Reloading Section: "reloadable-plugin/RecipeManagerContextImpl/" done in 1.256 ms
[01:54:41] [ForkJoinPool.commonPool-worker-2/DEBUG] [START] Reloading Section: "reloadable-plugin/ItemComparatorRegistryImpl/"
[01:54:41] [ForkJoinPool.commonPool-worker-2/DEBUG] [START] Reloading Section: "reloadable-plugin/ItemComparatorRegistryImpl/DefaultPlugin [roughlyenoughitems]/"
[01:54:41] [ForkJoinPool.commonPool-worker-2/DEBUG] [START] Reloading Section: "reloadable-plugin/ItemComparatorRegistryImpl/DefaultPlugin [roughlyenoughitems]/" done in 900.6 μs
[01:54:41] [ForkJoinPool.commonPool-worker-2/DEBUG] [START] Reloading Section: "reloadable-plugin/ItemComparatorRegistryImpl/FabricFluidAPISupportPlugin/"
[01:54:41] [ForkJoinPool.commonPool-worker-2/DEBUG] [START] Reloading Section: "reloadable-plugin/ItemComparatorRegistryImpl/FabricFluidAPISupportPlugin/" done in 18.26 μs
[01:54:41] [ForkJoinPool.commonPool-worker-2/DEBUG] [START] Reloading Section: "reloadable-plugin/ItemComparatorRegistryImpl/REIServerIntegration [spectrum]/"
[01:54:41] [ForkJoinPool.commonPool-worker-2/DEBUG] [START] Reloading Section: "reloadable-plugin/ItemComparatorRegistryImpl/REIServerIntegration [spectrum]/" done in 28.49 μs
[01:54:41] [ForkJoinPool.commonPool-worker-2/DEBUG] [START] Reloading Section: "reloadable-plugin/ItemComparatorRegistryImpl/ConjuringCommonPlugin [conjuring]/"
[01:54:41] [ForkJoinPool.commonPool-worker-2/DEBUG] [START] Reloading Section: "reloadable-plugin/ItemComparatorRegistryImpl/ConjuringCommonPlugin [conjuring]/" done in 33.47 μs
[01:54:41] [ForkJoinPool.commonPool-worker-2/DEBUG] [START] Reloading Section: "reloadable-plugin/ItemComparatorRegistryImpl/MegaCraftingPlugin [bigbenchtheory]/"
[01:54:41] [ForkJoinPool.commonPool-worker-2/DEBUG] [START] Reloading Section: "reloadable-plugin/ItemComparatorRegistryImpl/MegaCraftingPlugin [bigbenchtheory]/" done in 13.98 μs
[01:54:41] [ForkJoinPool.commonPool-worker-2/DEBUG] [START] Reloading Section: "reloadable-plugin/ItemComparatorRegistryImpl/DefaultRuntimePlugin [roughlyenoughitems]/"
[01:54:41] [ForkJoinPool.commonPool-worker-2/DEBUG] [START] Reloading Section: "reloadable-plugin/ItemComparatorRegistryImpl/DefaultRuntimePlugin [roughlyenoughitems]/" done in 15.93 μs
[01:54:41] [ForkJoinPool.commonPool-worker-2/DEBUG] [START] Reloading Section: "reloadable-plugin/ItemComparatorRegistryImpl/ImprovedStationsREIContainerInfo [improved-stations]/"
[01:54:41] [ForkJoinPool.commonPool-worker-2/DEBUG] [START] Reloading Section: "reloadable-plugin/ItemComparatorRegistryImpl/ImprovedStationsREIContainerInfo [improved-stations]/" done in 13.94 μs
[01:54:41] [ForkJoinPool.commonPool-worker-2/DEBUG] [START] Reloading Section: "reloadable-plugin/ItemComparatorRegistryImpl/AdornReiServer [adorn]/"
[01:54:41] [ForkJoinPool.commonPool-worker-2/DEBUG] [START] Reloading Section: "reloadable-plugin/ItemComparatorRegistryImpl/AdornReiServer [adorn]/" done in 15.11 μs
[01:54:41] [ForkJoinPool.commonPool-worker-2/DEBUG] [START] Reloading Section: "reloadable-plugin/ItemComparatorRegistryImpl/" done in 2.492 ms
[01:54:41] [ForkJoinPool.commonPool-worker-2/DEBUG] [START] Reloading Section: "reloadable-plugin/FluidComparatorRegistryImpl/"
[01:54:41] [ForkJoinPool.commonPool-worker-2/DEBUG] [START] Reloading Section: "reloadable-plugin/FluidComparatorRegistryImpl/DefaultPlugin [roughlyenoughitems]/"
[01:54:41] [ForkJoinPool.commonPool-worker-2/DEBUG] [START] Reloading Section: "reloadable-plugin/FluidComparatorRegistryImpl/DefaultPlugin [roughlyenoughitems]/" done in 40.43 μs
[01:54:41] [ForkJoinPool.commonPool-worker-2/DEBUG] [START] Reloading Section: "reloadable-plugin/FluidComparatorRegistryImpl/FabricFluidAPISupportPlugin/"
[01:54:41] [ForkJoinPool.commonPool-worker-2/DEBUG] [START] Reloading Section: "reloadable-plugin/FluidComparatorRegistryImpl/FabricFluidAPISupportPlugin/" done in 14.29 μs
[01:54:41] [ForkJoinPool.commonPool-worker-2/DEBUG] [START] Reloading Section: "reloadable-plugin/FluidComparatorRegistryImpl/REIServerIntegration [spectrum]/"
[01:54:41] [ForkJoinPool.commonPool-worker-2/DEBUG] [START] Reloading Section: "reloadable-plugin/FluidComparatorRegistryImpl/REIServerIntegration [spectrum]/" done in 15.87 μs
[01:54:41] [ForkJoinPool.commonPool-worker-2/DEBUG] [START] Reloading Section: "reloadable-plugin/FluidComparatorRegistryImpl/ConjuringCommonPlugin [conjuring]/"
[01:54:41] [ForkJoinPool.commonPool-worker-2/DEBUG] [START] Reloading Section: "reloadable-plugin/FluidComparatorRegistryImpl/ConjuringCommonPlugin [conjuring]/" done in 14.57 μs
[01:54:41] [ForkJoinPool.commonPool-worker-2/DEBUG] [START] Reloading Section: "reloadable-plugin/FluidComparatorRegistryImpl/MegaCraftingPlugin [bigbenchtheory]/"
[01:54:41] [ForkJoinPool.commonPool-worker-2/DEBUG] [START] Reloading Section: "reloadable-plugin/FluidComparatorRegistryImpl/MegaCraftingPlugin [bigbenchtheory]/" done in 16.01 μs
[01:54:41] [ForkJoinPool.commonPool-worker-2/DEBUG] [START] Reloading Section: "reloadable-plugin/FluidComparatorRegistryImpl/DefaultRuntimePlugin [roughlyenoughitems]/"
[01:54:41] [ForkJoinPool.commonPool-worker-2/DEBUG] [START] Reloading Section: "reloadable-plugin/FluidComparatorRegistryImpl/DefaultRuntimePlugin [roughlyenoughitems]/" done in 13.91 μs
[01:54:41] [ForkJoinPool.commonPool-worker-2/DEBUG] [START] Reloading Section: "reloadable-plugin/FluidComparatorRegistryImpl/ImprovedStationsREIContainerInfo [improved-stations]/"
[01:54:41] [ForkJoinPool.commonPool-worker-2/DEBUG] [START] Reloading Section: "reloadable-plugin/FluidComparatorRegistryImpl/ImprovedStationsREIContainerInfo [improved-stations]/" done in 14.08 μs
[01:54:41] [ForkJoinPool.commonPool-worker-2/DEBUG] [START] Reloading Section: "reloadable-plugin/FluidComparatorRegistryImpl/AdornReiServer [adorn]/"
[01:54:41] [ForkJoinPool.commonPool-worker-2/DEBUG] [START] Reloading Section: "reloadable-plugin/FluidComparatorRegistryImpl/AdornReiServer [adorn]/" done in 14.82 μs
[01:54:41] [ForkJoinPool.commonPool-worker-2/DEBUG] [START] Reloading Section: "reloadable-plugin/FluidComparatorRegistryImpl/" done in 1.224 ms
[01:54:41] [ForkJoinPool.commonPool-worker-2/DEBUG] [START] Reloading Section: "reloadable-plugin/DisplaySerializerRegistryImpl/"
[01:54:41] [ForkJoinPool.commonPool-worker-2/DEBUG] [START] Reloading Section: "reloadable-plugin/DisplaySerializerRegistryImpl/DefaultPlugin [roughlyenoughitems]/"
[01:54:41] [ForkJoinPool.commonPool-worker-2/DEBUG] [START] Reloading Section: "reloadable-plugin/DisplaySerializerRegistryImpl/DefaultPlugin [roughlyenoughitems]/" done in 14.00 μs
[01:54:41] [ForkJoinPool.commonPool-worker-2/DEBUG] [START] Reloading Section: "reloadable-plugin/DisplaySerializerRegistryImpl/FabricFluidAPISupportPlugin/"
[01:54:41] [ForkJoinPool.commonPool-worker-2/DEBUG] [START] Reloading Section: "reloadable-plugin/DisplaySerializerRegistryImpl/FabricFluidAPISupportPlugin/" done in 14.01 μs
[01:54:41] [ForkJoinPool.commonPool-worker-2/DEBUG] [START] Reloading Section: "reloadable-plugin/DisplaySerializerRegistryImpl/REIServerIntegration [spectrum]/"
[01:54:41] [ForkJoinPool.commonPool-worker-2/DEBUG] [START] Reloading Section: "reloadable-plugin/DisplaySerializerRegistryImpl/REIServerIntegration [spectrum]/" done in 13.81 μs
[01:54:41] [ForkJoinPool.commonPool-worker-2/DEBUG] [START] Reloading Section: "reloadable-plugin/DisplaySerializerRegistryImpl/ConjuringCommonPlugin [conjuring]/"
[01:54:41] [ForkJoinPool.commonPool-worker-2/DEBUG] [START] Reloading Section: "reloadable-plugin/DisplaySerializerRegistryImpl/ConjuringCommonPlugin [conjuring]/" done in 14.17 μs
[01:54:41] [ForkJoinPool.commonPool-worker-2/DEBUG] [START] Reloading Section: "reloadable-plugin/DisplaySerializerRegistryImpl/MegaCraftingPlugin [bigbenchtheory]/"
[01:54:41] [ForkJoinPool.commonPool-worker-2/DEBUG] [START] Reloading Section: "reloadable-plugin/DisplaySerializerRegistryImpl/MegaCraftingPlugin [bigbenchtheory]/" done in 14.02 μs
[01:54:41] [ForkJoinPool.commonPool-worker-2/DEBUG] [START] Reloading Section: "reloadable-plugin/DisplaySerializerRegistryImpl/DefaultRuntimePlugin [roughlyenoughitems]/"
[01:54:41] [ForkJoinPool.commonPool-worker-2/DEBUG] [START] Reloading Section: "reloadable-plugin/DisplaySerializerRegistryImpl/DefaultRuntimePlugin [roughlyenoughitems]/" done in 14.49 μs
[01:54:41] [ForkJoinPool.commonPool-worker-2/DEBUG] [START] Reloading Section: "reloadable-plugin/DisplaySerializerRegistryImpl/ImprovedStationsREIContainerInfo [improved-stations]/"
[01:54:41] [ForkJoinPool.commonPool-worker-2/DEBUG] [START] Reloading Section: "reloadable-plugin/DisplaySerializerRegistryImpl/ImprovedStationsREIContainerInfo [improved-stations]/" done in 13.81 μs
[01:54:41] [ForkJoinPool.commonPool-worker-2/DEBUG] [START] Reloading Section: "reloadable-plugin/DisplaySerializerRegistryImpl/AdornReiServer [adorn]/"
[01:54:41] [ForkJoinPool.commonPool-worker-2/DEBUG] [START] Reloading Section: "reloadable-plugin/DisplaySerializerRegistryImpl/AdornReiServer [adorn]/" done in 14.76 μs
[01:54:41] [ForkJoinPool.commonPool-worker-2/DEBUG] [START] Reloading Section: "reloadable-plugin/DisplaySerializerRegistryImpl/" done in 1.158 ms
[01:54:41] [ForkJoinPool.commonPool-worker-2/DEBUG] [START] Reloading Section: "reloadable-plugin/FluidSupportProviderImpl/"
[01:54:41] [ForkJoinPool.commonPool-worker-2/DEBUG] [START] Reloading Section: "reloadable-plugin/FluidSupportProviderImpl/DefaultPlugin [roughlyenoughitems]/"
[01:54:41] [ForkJoinPool.commonPool-worker-2/DEBUG] [START] Reloading Section: "reloadable-plugin/FluidSupportProviderImpl/DefaultPlugin [roughlyenoughitems]/" done in 553.3 μs
[01:54:41] [ForkJoinPool.commonPool-worker-2/DEBUG] [START] Reloading Section: "reloadable-plugin/FluidSupportProviderImpl/FabricFluidAPISupportPlugin/"
[01:54:41] [ForkJoinPool.commonPool-worker-2/DEBUG] [START] Reloading Section: "reloadable-plugin/FluidSupportProviderImpl/FabricFluidAPISupportPlugin/" done in 196.3 μs
[01:54:41] [ForkJoinPool.commonPool-worker-2/DEBUG] [START] Reloading Section: "reloadable-plugin/FluidSupportProviderImpl/REIServerIntegration [spectrum]/"
[01:54:41] [ForkJoinPool.commonPool-worker-2/DEBUG] [START] Reloading Section: "reloadable-plugin/FluidSupportProviderImpl/REIServerIntegration [spectrum]/" done in 16.71 μs
[01:54:41] [ForkJoinPool.commonPool-worker-2/DEBUG] [START] Reloading Section: "reloadable-plugin/FluidSupportProviderImpl/ConjuringCommonPlugin [conjuring]/"
[01:54:41] [ForkJoinPool.commonPool-worker-2/DEBUG] [START] Reloading Section: "reloadable-plugin/FluidSupportProviderImpl/ConjuringCommonPlugin [conjuring]/" done in 14.71 μs
[01:54:41] [ForkJoinPool.commonPool-worker-2/DEBUG] [START] Reloading Section: "reloadable-plugin/FluidSupportProviderImpl/MegaCraftingPlugin [bigbenchtheory]/"
[01:54:41] [ForkJoinPool.commonPool-worker-2/DEBUG] [START] Reloading Section: "reloadable-plugin/FluidSupportProviderImpl/MegaCraftingPlugin [bigbenchtheory]/" done in 14.80 μs
[01:54:41] [ForkJoinPool.commonPool-worker-2/DEBUG] [START] Reloading Section: "reloadable-plugin/FluidSupportProviderImpl/DefaultRuntimePlugin [roughlyenoughitems]/"
[01:54:41] [ForkJoinPool.commonPool-worker-2/DEBUG] [START] Reloading Section: "reloadable-plugin/FluidSupportProviderImpl/DefaultRuntimePlugin [roughlyenoughitems]/" done in 15.78 μs
[01:54:41] [ForkJoinPool.commonPool-worker-2/DEBUG] [START] Reloading Section: "reloadable-plugin/FluidSupportProviderImpl/ImprovedStationsREIContainerInfo [improved-stations]/"
[01:54:41] [ForkJoinPool.commonPool-worker-2/DEBUG] [START] Reloading Section: "reloadable-plugin/FluidSupportProviderImpl/ImprovedStationsREIContainerInfo [improved-stations]/" done in 16.63 μs
[01:54:41] [ForkJoinPool.commonPool-worker-2/DEBUG] [START] Reloading Section: "reloadable-plugin/FluidSupportProviderImpl/AdornReiServer [adorn]/"
[01:54:41] [ForkJoinPool.commonPool-worker-2/DEBUG] [START] Reloading Section: "reloadable-plugin/FluidSupportProviderImpl/AdornReiServer [adorn]/" done in 15.36 μs
[01:54:41] [ForkJoinPool.commonPool-worker-2/DEBUG] [START] Reloading Section: "reloadable-plugin/FluidSupportProviderImpl/" done in 1.980 ms
[01:54:41] [ForkJoinPool.commonPool-worker-2/DEBUG] [START] Reloading Section: "end-reload/"
[01:54:41] [ForkJoinPool.commonPool-worker-2/DEBUG] [START] Reloading Section: "end-reload/EntryTypeRegistryImpl/"
[01:54:41] [ForkJoinPool.commonPool-worker-2/DEBUG] [START] Reloading Section: "end-reload/EntryTypeRegistryImpl/" done in 15.78 μs
[01:54:41] [ForkJoinPool.commonPool-worker-2/DEBUG] [START] Reloading Section: "end-reload/EntrySettingsAdapterRegistryImpl/"
[01:54:41] [ForkJoinPool.commonPool-worker-2/DEBUG] [START] Reloading Section: "end-reload/EntrySettingsAdapterRegistryImpl/" done in 9.276 μs
[01:54:41] [ForkJoinPool.commonPool-worker-2/DEBUG] [START] Reloading Section: "end-reload/RecipeManagerContextImpl/"
[01:54:41] [ForkJoinPool.commonPool-worker-2/DEBUG] [START] Reloading Section: "end-reload/RecipeManagerContextImpl/" done in 8.538 μs
[01:54:41] [ForkJoinPool.commonPool-worker-2/DEBUG] [START] Reloading Section: "end-reload/ItemComparatorRegistryImpl/"
[01:54:41] [ForkJoinPool.commonPool-worker-2/DEBUG] [START] Reloading Section: "end-reload/ItemComparatorRegistryImpl/" done in 8.572 μs
[01:54:41] [ForkJoinPool.commonPool-worker-2/DEBUG] [START] Reloading Section: "end-reload/FluidComparatorRegistryImpl/"
[01:54:41] [ForkJoinPool.commonPool-worker-2/DEBUG] [START] Reloading Section: "end-reload/FluidComparatorRegistryImpl/" done in 8.560 μs
[01:54:41] [ForkJoinPool.commonPool-worker-2/DEBUG] [START] Reloading Section: "end-reload/DisplaySerializerRegistryImpl/"
[01:54:41] [ForkJoinPool.commonPool-worker-2/DEBUG] [START] Reloading Section: "end-reload/DisplaySerializerRegistryImpl/" done in 8.442 μs
[01:54:41] [ForkJoinPool.commonPool-worker-2/DEBUG] [START] Reloading Section: "end-reload/FluidSupportProviderImpl/"
[01:54:41] [ForkJoinPool.commonPool-worker-2/DEBUG] [START] Reloading Section: "end-reload/FluidSupportProviderImpl/" done in 8.778 μs
[01:54:41] [ForkJoinPool.commonPool-worker-2/DEBUG] [START] Reloading Section: "end-reload/" done in 905.2 μs
[01:54:41] [ForkJoinPool.commonPool-worker-2/INFO] Reloaded Plugin Manager [REIPlugin] with 2 entry types, 5 item comparators, 0 fluid comparators and 2 fluid support providers in 25ms.
[01:54:41] [ForkJoinPool.commonPool-worker-2/DEBUG] [START] Reloading Section: "start-reload/"
[01:54:41] [ForkJoinPool.commonPool-worker-2/DEBUG] [START] Reloading Section: "start-reload/MenuInfoRegistryImpl/"
[01:54:41] [ForkJoinPool.commonPool-worker-2/DEBUG] [START] Reloading Section: "start-reload/MenuInfoRegistryImpl/" done in 11.57 μs
[01:54:41] [ForkJoinPool.commonPool-worker-2/DEBUG] [START] Reloading Section: "start-reload/" done in 163.5 μs
[01:54:41] [ForkJoinPool.commonPool-worker-2/INFO] Reloading Plugin Manager [REIServerPlugin] stage [START], registered 8 plugins: AdornReiServer [adorn], ImprovedStationsREIContainerInfo [improved-stations], DefaultRuntimePlugin [roughlyenoughitems], MegaCraftingPlugin [bigbenchtheory], ConjuringCommonPlugin [conjuring], REIServerIntegration [spectrum], FabricFluidAPISupportPlugin, DefaultPlugin [roughlyenoughitems]
[01:54:41] [ForkJoinPool.commonPool-worker-2/DEBUG] [START] Reloading Section: "reloadable-plugin/MenuInfoRegistryImpl/"
[01:54:41] [ForkJoinPool.commonPool-worker-2/DEBUG] [START] Reloading Section: "reloadable-plugin/MenuInfoRegistryImpl/DefaultPlugin [roughlyenoughitems]/"
[01:54:41] [ForkJoinPool.commonPool-worker-2/DEBUG] [START] Reloading Section: "reloadable-plugin/MenuInfoRegistryImpl/DefaultPlugin [roughlyenoughitems]/" done in 11.02 μs
[01:54:41] [ForkJoinPool.commonPool-worker-2/DEBUG] [START] Reloading Section: "reloadable-plugin/MenuInfoRegistryImpl/FabricFluidAPISupportPlugin/"
[01:54:41] [ForkJoinPool.commonPool-worker-2/DEBUG] [START] Reloading Section: "reloadable-plugin/MenuInfoRegistryImpl/FabricFluidAPISupportPlugin/" done in 11.36 μs
[01:54:41] [ForkJoinPool.commonPool-worker-2/DEBUG] [START] Reloading Section: "reloadable-plugin/MenuInfoRegistryImpl/REIServerIntegration [spectrum]/"
[01:54:41] [ForkJoinPool.commonPool-worker-2/DEBUG] [START] Reloading Section: "reloadable-plugin/MenuInfoRegistryImpl/REIServerIntegration [spectrum]/" done in 11.22 μs
[01:54:41] [ForkJoinPool.commonPool-worker-2/DEBUG] [START] Reloading Section: "reloadable-plugin/MenuInfoRegistryImpl/ConjuringCommonPlugin [conjuring]/"
[01:54:41] [ForkJoinPool.commonPool-worker-2/DEBUG] [START] Reloading Section: "reloadable-plugin/MenuInfoRegistryImpl/ConjuringCommonPlugin [conjuring]/" done in 11.12 μs
[01:54:41] [ForkJoinPool.commonPool-worker-2/DEBUG] [START] Reloading Section: "reloadable-plugin/MenuInfoRegistryImpl/MegaCraftingPlugin [bigbenchtheory]/"
[01:54:41] [ForkJoinPool.commonPool-worker-2/DEBUG] [START] Reloading Section: "reloadable-plugin/MenuInfoRegistryImpl/MegaCraftingPlugin [bigbenchtheory]/" done in 12.41 μs
[01:54:41] [ForkJoinPool.commonPool-worker-2/DEBUG] [START] Reloading Section: "reloadable-plugin/MenuInfoRegistryImpl/DefaultRuntimePlugin [roughlyenoughitems]/"
[01:54:41] [ForkJoinPool.commonPool-worker-2/DEBUG] [START] Reloading Section: "reloadable-plugin/MenuInfoRegistryImpl/DefaultRuntimePlugin [roughlyenoughitems]/" done in 11.15 μs
[01:54:41] [ForkJoinPool.commonPool-worker-2/DEBUG] [START] Reloading Section: "reloadable-plugin/MenuInfoRegistryImpl/ImprovedStationsREIContainerInfo [improved-stations]/"
[01:54:41] [ForkJoinPool.commonPool-worker-2/DEBUG] [START] Reloading Section: "reloadable-plugin/MenuInfoRegistryImpl/ImprovedStationsREIContainerInfo [improved-stations]/" done in 11.19 μs
[01:54:41] [ForkJoinPool.commonPool-worker-2/DEBUG] [START] Reloading Section: "reloadable-plugin/MenuInfoRegistryImpl/AdornReiServer [adorn]/"
[01:54:41] [ForkJoinPool.commonPool-worker-2/DEBUG] [START] Reloading Section: "reloadable-plugin/MenuInfoRegistryImpl/AdornReiServer [adorn]/" done in 11.08 μs
[01:54:41] [ForkJoinPool.commonPool-worker-2/DEBUG] [START] Reloading Section: "reloadable-plugin/MenuInfoRegistryImpl/" done in 1.075 ms
[01:54:41] [ForkJoinPool.commonPool-worker-2/DEBUG] [START] Reloading Section: "end-reload/"
[01:54:41] [ForkJoinPool.commonPool-worker-2/DEBUG] [START] Reloading Section: "end-reload/MenuInfoRegistryImpl/"
[01:54:41] [ForkJoinPool.commonPool-worker-2/DEBUG] [START] Reloading Section: "end-reload/MenuInfoRegistryImpl/" done in 10.43 μs
[01:54:41] [ForkJoinPool.commonPool-worker-2/DEBUG] [START] Reloading Section: "end-reload/" done in 130.2 μs
[01:54:41] [ForkJoinPool.commonPool-worker-2/INFO] Reloaded Plugin Manager [REIServerPlugin] with 0 menu infos in 2ms.
[01:54:41] [ForkJoinPool.commonPool-worker-2/DEBUG] [START] Reloading Section: "post-register/"
[01:54:41] [ForkJoinPool.commonPool-worker-2/DEBUG] [START] Reloading Section: "post-register/DefaultPlugin [roughlyenoughitems]/"
[01:54:41] [ForkJoinPool.commonPool-worker-2/DEBUG] [START] Reloading Section: "post-register/DefaultPlugin [roughlyenoughitems]/" done in 18.82 μs
[01:54:41] [ForkJoinPool.commonPool-worker-2/DEBUG] [START] Reloading Section: "post-register/FabricFluidAPISupportPlugin/"
[01:54:41] [ForkJoinPool.commonPool-worker-2/DEBUG] [START] Reloading Section: "post-register/FabricFluidAPISupportPlugin/" done in 10.29 μs
[01:54:41] [ForkJoinPool.commonPool-worker-2/DEBUG] [START] Reloading Section: "post-register/REIServerIntegration [spectrum]/"
[01:54:41] [ForkJoinPool.commonPool-worker-2/DEBUG] [START] Reloading Section: "post-register/REIServerIntegration [spectrum]/" done in 9.960 μs
[01:54:41] [ForkJoinPool.commonPool-worker-2/DEBUG] [START] Reloading Section: "post-register/ConjuringCommonPlugin [conjuring]/"
[01:54:41] [ForkJoinPool.commonPool-worker-2/DEBUG] [START] Reloading Section: "post-register/ConjuringCommonPlugin [conjuring]/" done in 9.956 μs
[01:54:41] [ForkJoinPool.commonPool-worker-2/DEBUG] [START] Reloading Section: "post-register/MegaCraftingPlugin [bigbenchtheory]/"
[01:54:41] [ForkJoinPool.commonPool-worker-2/DEBUG] [START] Reloading Section: "post-register/MegaCraftingPlugin [bigbenchtheory]/" done in 9.545 μs
[01:54:41] [ForkJoinPool.commonPool-worker-2/DEBUG] [START] Reloading Section: "post-register/DefaultRuntimePlugin [roughlyenoughitems]/"
[01:54:41] [ForkJoinPool.commonPool-worker-2/DEBUG] [START] Reloading Section: "post-register/DefaultRuntimePlugin [roughlyenoughitems]/" done in 9.513 μs
[01:54:41] [ForkJoinPool.commonPool-worker-2/DEBUG] [START] Reloading Section: "post-register/ImprovedStationsREIContainerInfo [improved-stations]/"
[01:54:41] [ForkJoinPool.commonPool-worker-2/DEBUG] [START] Reloading Section: "post-register/ImprovedStationsREIContainerInfo [improved-stations]/" done in 9.528 μs
[01:54:41] [ForkJoinPool.commonPool-worker-2/DEBUG] [START] Reloading Section: "post-register/AdornReiServer [adorn]/"
[01:54:41] [ForkJoinPool.commonPool-worker-2/DEBUG] [START] Reloading Section: "post-register/AdornReiServer [adorn]/" done in 10.90 μs
[01:54:41] [ForkJoinPool.commonPool-worker-2/DEBUG] [START] Reloading Section: "post-register/" done in 1.416 ms
[01:54:41] [ForkJoinPool.commonPool-worker-2/DEBUG] [START] Reloading Section: "post-register/"
[01:54:41] [ForkJoinPool.commonPool-worker-2/DEBUG] [START] Reloading Section: "post-register/DefaultPlugin [roughlyenoughitems]/"
[01:54:41] [ForkJoinPool.commonPool-worker-2/DEBUG] [START] Reloading Section: "post-register/DefaultPlugin [roughlyenoughitems]/" done in 9.906 μs
[01:54:41] [ForkJoinPool.commonPool-worker-2/DEBUG] [START] Reloading Section: "post-register/FabricFluidAPISupportPlugin/"
[01:54:41] [ForkJoinPool.commonPool-worker-2/DEBUG] [START] Reloading Section: "post-register/FabricFluidAPISupportPlugin/" done in 9.035 μs
[01:54:41] [ForkJoinPool.commonPool-worker-2/DEBUG] [START] Reloading Section: "post-register/REIServerIntegration [spectrum]/"
[01:54:41] [ForkJoinPool.commonPool-worker-2/DEBUG] [START] Reloading Section: "post-register/REIServerIntegration [spectrum]/" done in 10.01 μs
[01:54:41] [ForkJoinPool.commonPool-worker-2/DEBUG] [START] Reloading Section: "post-register/ConjuringCommonPlugin [conjuring]/"
[01:54:41] [ForkJoinPool.commonPool-worker-2/DEBUG] [START] Reloading Section: "post-register/ConjuringCommonPlugin [conjuring]/" done in 14.41 μs
[01:54:41] [ForkJoinPool.commonPool-worker-2/DEBUG] [START] Reloading Section: "post-register/MegaCraftingPlugin [bigbenchtheory]/"
[01:54:41] [ForkJoinPool.commonPool-worker-2/DEBUG] [START] Reloading Section: "post-register/MegaCraftingPlugin [bigbenchtheory]/" done in 10.50 μs
[01:54:41] [ForkJoinPool.commonPool-worker-2/DEBUG] [START] Reloading Section: "post-register/DefaultRuntimePlugin [roughlyenoughitems]/"
[01:54:41] [ForkJoinPool.commonPool-worker-2/DEBUG] [START] Reloading Section: "post-register/DefaultRuntimePlugin [roughlyenoughitems]/" done in 10.68 μs
[01:54:41] [ForkJoinPool.commonPool-worker-2/DEBUG] [START] Reloading Section: "post-register/ImprovedStationsREIContainerInfo [improved-stations]/"
[01:54:41] [ForkJoinPool.commonPool-worker-2/DEBUG] [START] Reloading Section: "post-register/ImprovedStationsREIContainerInfo [improved-stations]/" done in 10.23 μs
[01:54:41] [ForkJoinPool.commonPool-worker-2/DEBUG] [START] Reloading Section: "post-register/AdornReiServer [adorn]/"
[01:54:41] [ForkJoinPool.commonPool-worker-2/DEBUG] [START] Reloading Section: "post-register/AdornReiServer [adorn]/" done in 12.64 μs
[01:54:41] [ForkJoinPool.commonPool-worker-2/DEBUG] [START] Reloading Section: "post-register/" done in 1.012 ms
[01:54:41] [ForkJoinPool.commonPool-worker-2/DEBUG] [END] Reloading Section: "pre-register/"
[01:54:41] [ForkJoinPool.commonPool-worker-2/DEBUG] [END] Reloading Section: "pre-register/DefaultPlugin [roughlyenoughitems]/"
[01:54:41] [ForkJoinPool.commonPool-worker-2/DEBUG] [END] Reloading Section: "pre-register/DefaultPlugin [roughlyenoughitems]/" done in 9.407 μs
[01:54:41] [ForkJoinPool.commonPool-worker-2/DEBUG] [END] Reloading Section: "pre-register/FabricFluidAPISupportPlugin/"
[01:54:41] [ForkJoinPool.commonPool-worker-2/DEBUG] [END] Reloading Section: "pre-register/FabricFluidAPISupportPlugin/" done in 8.912 μs
[01:54:41] [ForkJoinPool.commonPool-worker-2/DEBUG] [END] Reloading Section: "pre-register/REIServerIntegration [spectrum]/"
[01:54:41] [ForkJoinPool.commonPool-worker-2/DEBUG] [END] Reloading Section: "pre-register/REIServerIntegration [spectrum]/" done in 8.851 μs
[01:54:41] [ForkJoinPool.commonPool-worker-2/DEBUG] [END] Reloading Section: "pre-register/ConjuringCommonPlugin [conjuring]/"
[01:54:41] [ForkJoinPool.commonPool-worker-2/DEBUG] [END] Reloading Section: "pre-register/ConjuringCommonPlugin [conjuring]/" done in 8.777 μs
[01:54:41] [ForkJoinPool.commonPool-worker-2/DEBUG] [END] Reloading Section: "pre-register/MegaCraftingPlugin [bigbenchtheory]/"
[01:54:41] [ForkJoinPool.commonPool-worker-2/DEBUG] [END] Reloading Section: "pre-register/MegaCraftingPlugin [bigbenchtheory]/" done in 8.571 μs
[01:54:41] [ForkJoinPool.commonPool-worker-2/DEBUG] [END] Reloading Section: "pre-register/DefaultRuntimePlugin [roughlyenoughitems]/"
[01:54:41] [ForkJoinPool.commonPool-worker-2/DEBUG] [END] Reloading Section: "pre-register/DefaultRuntimePlugin [roughlyenoughitems]/" done in 8.865 μs
[01:54:41] [ForkJoinPool.commonPool-worker-2/DEBUG] [END] Reloading Section: "pre-register/ImprovedStationsREIContainerInfo [improved-stations]/"
[01:54:41] [ForkJoinPool.commonPool-worker-2/DEBUG] [END] Reloading Section: "pre-register/ImprovedStationsREIContainerInfo [improved-stations]/" done in 8.742 μs
[01:54:41] [ForkJoinPool.commonPool-worker-2/DEBUG] [END] Reloading Section: "pre-register/AdornReiServer [adorn]/"
[01:54:41] [ForkJoinPool.commonPool-worker-2/DEBUG] [END] Reloading Section: "pre-register/AdornReiServer [adorn]/" done in 20.77 μs
[01:54:41] [ForkJoinPool.commonPool-worker-2/DEBUG] [END] Reloading Section: "pre-register/" done in 919.8 μs
[01:54:41] [ForkJoinPool.commonPool-worker-2/DEBUG] [END] Reloading Section: "pre-register/"
[01:54:41] [ForkJoinPool.commonPool-worker-2/DEBUG] [END] Reloading Section: "pre-register/DefaultPlugin [roughlyenoughitems]/"
[01:54:41] [ForkJoinPool.commonPool-worker-2/DEBUG] [END] Reloading Section: "pre-register/DefaultPlugin [roughlyenoughitems]/" done in 8.839 μs
[01:54:41] [ForkJoinPool.commonPool-worker-2/DEBUG] [END] Reloading Section: "pre-register/FabricFluidAPISupportPlugin/"
[01:54:41] [ForkJoinPool.commonPool-worker-2/DEBUG] [END] Reloading Section: "pre-register/FabricFluidAPISupportPlugin/" done in 8.309 μs
[01:54:41] [ForkJoinPool.commonPool-worker-2/DEBUG] [END] Reloading Section: "pre-register/REIServerIntegration [spectrum]/"
[01:54:41] [ForkJoinPool.commonPool-worker-2/DEBUG] [END] Reloading Section: "pre-register/REIServerIntegration [spectrum]/" done in 8.612 μs
[01:54:41] [ForkJoinPool.commonPool-worker-2/DEBUG] [END] Reloading Section: "pre-register/ConjuringCommonPlugin [conjuring]/"
[01:54:41] [ForkJoinPool.commonPool-worker-2/DEBUG] [END] Reloading Section: "pre-register/ConjuringCommonPlugin [conjuring]/" done in 8.666 μs
[01:54:41] [ForkJoinPool.commonPool-worker-2/DEBUG] [END] Reloading Section: "pre-register/MegaCraftingPlugin [bigbenchtheory]/"
[01:54:41] [ForkJoinPool.commonPool-worker-2/DEBUG] [END] Reloading Section: "pre-register/MegaCraftingPlugin [bigbenchtheory]/" done in 9.256 μs
[01:54:41] [ForkJoinPool.commonPool-worker-2/DEBUG] [END] Reloading Section: "pre-register/DefaultRuntimePlugin [roughlyenoughitems]/"
[01:54:41] [ForkJoinPool.commonPool-worker-2/DEBUG] [END] Reloading Section: "pre-register/DefaultRuntimePlugin [roughlyenoughitems]/" done in 9.063 μs
[01:54:41] [ForkJoinPool.commonPool-worker-2/DEBUG] [END] Reloading Section: "pre-register/ImprovedStationsREIContainerInfo [improved-stations]/"
[01:54:41] [ForkJoinPool.commonPool-worker-2/DEBUG] [END] Reloading Section: "pre-register/ImprovedStationsREIContainerInfo [improved-stations]/" done in 8.423 μs
[01:54:41] [ForkJoinPool.commonPool-worker-2/DEBUG] [END] Reloading Section: "pre-register/AdornReiServer [adorn]/"
[01:54:41] [ForkJoinPool.commonPool-worker-2/DEBUG] [END] Reloading Section: "pre-register/AdornReiServer [adorn]/" done in 9.044 μs
[01:54:41] [ForkJoinPool.commonPool-worker-2/DEBUG] [END] Reloading Section: "pre-register/" done in 917.7 μs
[01:54:41] [ForkJoinPool.commonPool-worker-2/DEBUG] [END] Reloading Section: "start-reload/"
[01:54:41] [ForkJoinPool.commonPool-worker-2/DEBUG] [END] Reloading Section: "start-reload/EntryTypeRegistryImpl/"
[01:54:41] [ForkJoinPool.commonPool-worker-2/DEBUG] [END] Reloading Section: "start-reload/EntryTypeRegistryImpl/" done in 7.785 μs
[01:54:41] [ForkJoinPool.commonPool-worker-2/DEBUG] [END] Reloading Section: "start-reload/EntrySettingsAdapterRegistryImpl/"
[01:54:41] [ForkJoinPool.commonPool-worker-2/DEBUG] [END] Reloading Section: "start-reload/EntrySettingsAdapterRegistryImpl/" done in 20.11 μs
[01:54:41] [ForkJoinPool.commonPool-worker-2/DEBUG] [END] Reloading Section: "start-reload/RecipeManagerContextImpl/"
[01:54:41] [ForkJoinPool.commonPool-worker-2/DEBUG] [END] Reloading Section: "start-reload/RecipeManagerContextImpl/" done in 10.02 μs
[01:54:41] [ForkJoinPool.commonPool-worker-2/DEBUG] [END] Reloading Section: "start-reload/ItemComparatorRegistryImpl/"
[01:54:41] [ForkJoinPool.commonPool-worker-2/DEBUG] [END] Reloading Section: "start-reload/ItemComparatorRegistryImpl/" done in 7.853 μs
[01:54:41] [ForkJoinPool.commonPool-worker-2/DEBUG] [END] Reloading Section: "start-reload/FluidComparatorRegistryImpl/"
[01:54:41] [ForkJoinPool.commonPool-worker-2/DEBUG] [END] Reloading Section: "start-reload/FluidComparatorRegistryImpl/" done in 7.688 μs
[01:54:41] [ForkJoinPool.commonPool-worker-2/DEBUG] [END] Reloading Section: "start-reload/DisplaySerializerRegistryImpl/"
[01:54:41] [ForkJoinPool.commonPool-worker-2/DEBUG] [END] Reloading Section: "start-reload/DisplaySerializerRegistryImpl/" done in 16.62 μs
[01:54:41] [ForkJoinPool.commonPool-worker-2/DEBUG] [END] Reloading Section: "start-reload/FluidSupportProviderImpl/"
[01:54:41] [ForkJoinPool.commonPool-worker-2/DEBUG] [END] Reloading Section: "start-reload/FluidSupportProviderImpl/" done in 7.844 μs
[01:54:41] [ForkJoinPool.commonPool-worker-2/DEBUG] [END] Reloading Section: "start-reload/" done in 778.6 μs
[01:54:41] [ForkJoinPool.commonPool-worker-2/INFO] Reloading Plugin Manager [REIPlugin] stage [END], registered 8 plugins: AdornReiServer [adorn], ImprovedStationsREIContainerInfo [improved-stations], DefaultRuntimePlugin [roughlyenoughitems], MegaCraftingPlugin [bigbenchtheory], ConjuringCommonPlugin [conjuring], REIServerIntegration [spectrum], FabricFluidAPISupportPlugin, DefaultPlugin [roughlyenoughitems]
[01:54:41] [ForkJoinPool.commonPool-worker-2/DEBUG] [END] Reloading Section: "reloadable-plugin/EntryTypeRegistryImpl/"
[01:54:41] [ForkJoinPool.commonPool-worker-2/DEBUG] [END] Reloading Section: "reloadable-plugin/EntryTypeRegistryImpl/DefaultPlugin [roughlyenoughitems]/"
[01:54:41] [ForkJoinPool.commonPool-worker-2/DEBUG] [END] Reloading Section: "reloadable-plugin/EntryTypeRegistryImpl/DefaultPlugin [roughlyenoughitems]/" done in 12.82 μs
[01:54:41] [ForkJoinPool.commonPool-worker-2/DEBUG] [END] Reloading Section: "reloadable-plugin/EntryTypeRegistryImpl/FabricFluidAPISupportPlugin/"
[01:54:41] [ForkJoinPool.commonPool-worker-2/DEBUG] [END] Reloading Section: "reloadable-plugin/EntryTypeRegistryImpl/FabricFluidAPISupportPlugin/" done in 13.89 μs
[01:54:41] [ForkJoinPool.commonPool-worker-2/DEBUG] [END] Reloading Section: "reloadable-plugin/EntryTypeRegistryImpl/REIServerIntegration [spectrum]/"
[01:54:41] [ForkJoinPool.commonPool-worker-2/DEBUG] [END] Reloading Section: "reloadable-plugin/EntryTypeRegistryImpl/REIServerIntegration [spectrum]/" done in 13.06 μs
[01:54:41] [ForkJoinPool.commonPool-worker-2/DEBUG] [END] Reloading Section: "reloadable-plugin/EntryTypeRegistryImpl/ConjuringCommonPlugin [conjuring]/"
[01:54:41] [ForkJoinPool.commonPool-worker-2/DEBUG] [END] Reloading Section: "reloadable-plugin/EntryTypeRegistryImpl/ConjuringCommonPlugin [conjuring]/" done in 12.96 μs
[01:54:41] [ForkJoinPool.commonPool-worker-2/DEBUG] [END] Reloading Section: "reloadable-plugin/EntryTypeRegistryImpl/MegaCraftingPlugin [bigbenchtheory]/"
[01:54:41] [ForkJoinPool.commonPool-worker-2/DEBUG] [END] Reloading Section: "reloadable-plugin/EntryTypeRegistryImpl/MegaCraftingPlugin [bigbenchtheory]/" done in 12.97 μs
[01:54:41] [ForkJoinPool.commonPool-worker-2/DEBUG] [END] Reloading Section: "reloadable-plugin/EntryTypeRegistryImpl/DefaultRuntimePlugin [roughlyenoughitems]/"
[01:54:41] [ForkJoinPool.commonPool-worker-2/DEBUG] [END] Reloading Section: "reloadable-plugin/EntryTypeRegistryImpl/DefaultRuntimePlugin [roughlyenoughitems]/" done in 13.58 μs
[01:54:41] [ForkJoinPool.commonPool-worker-2/DEBUG] [END] Reloading Section: "reloadable-plugin/EntryTypeRegistryImpl/ImprovedStationsREIContainerInfo [improved-stations]/"
[01:54:41] [ForkJoinPool.commonPool-worker-2/DEBUG] [END] Reloading Section: "reloadable-plugin/EntryTypeRegistryImpl/ImprovedStationsREIContainerInfo [improved-stations]/" done in 13.21 μs
[01:54:41] [ForkJoinPool.commonPool-worker-2/DEBUG] [END] Reloading Section: "reloadable-plugin/EntryTypeRegistryImpl/AdornReiServer [adorn]/"
[01:54:41] [ForkJoinPool.commonPool-worker-2/DEBUG] [END] Reloading Section: "reloadable-plugin/EntryTypeRegistryImpl/AdornReiServer [adorn]/" done in 13.43 μs
[01:54:41] [ForkJoinPool.commonPool-worker-2/DEBUG] [END] Reloading Section: "reloadable-plugin/EntryTypeRegistryImpl/" done in 1.016 ms
[01:54:41] [ForkJoinPool.commonPool-worker-2/DEBUG] [END] Reloading Section: "reloadable-plugin/EntrySettingsAdapterRegistryImpl/"
[01:54:41] [ForkJoinPool.commonPool-worker-2/DEBUG] [END] Reloading Section: "reloadable-plugin/EntrySettingsAdapterRegistryImpl/DefaultPlugin [roughlyenoughitems]/"
[01:54:41] [ForkJoinPool.commonPool-worker-2/DEBUG] [END] Reloading Section: "reloadable-plugin/EntrySettingsAdapterRegistryImpl/DefaultPlugin [roughlyenoughitems]/" done in 20.90 μs
[01:54:41] [ForkJoinPool.commonPool-worker-2/DEBUG] [END] Reloading Section: "reloadable-plugin/EntrySettingsAdapterRegistryImpl/FabricFluidAPISupportPlugin/"
[01:54:41] [ForkJoinPool.commonPool-worker-2/DEBUG] [END] Reloading Section: "reloadable-plugin/EntrySettingsAdapterRegistryImpl/FabricFluidAPISupportPlugin/" done in 13.51 μs
[01:54:41] [ForkJoinPool.commonPool-worker-2/DEBUG] [END] Reloading Section: "reloadable-plugin/EntrySettingsAdapterRegistryImpl/REIServerIntegration [spectrum]/"
[01:54:41] [ForkJoinPool.commonPool-worker-2/DEBUG] [END] Reloading Section: "reloadable-plugin/EntrySettingsAdapterRegistryImpl/REIServerIntegration [spectrum]/" done in 15.11 μs
[01:54:41] [ForkJoinPool.commonPool-worker-2/DEBUG] [END] Reloading Section: "reloadable-plugin/EntrySettingsAdapterRegistryImpl/ConjuringCommonPlugin [conjuring]/"
[01:54:41] [ForkJoinPool.commonPool-worker-2/DEBUG] [END] Reloading Section: "reloadable-plugin/EntrySettingsAdapterRegistryImpl/ConjuringCommonPlugin [conjuring]/" done in 13.23 μs
[01:54:41] [ForkJoinPool.commonPool-worker-2/DEBUG] [END] Reloading Section: "reloadable-plugin/EntrySettingsAdapterRegistryImpl/MegaCraftingPlugin [bigbenchtheory]/"
[01:54:41] [ForkJoinPool.commonPool-worker-2/DEBUG] [END] Reloading Section: "reloadable-plugin/EntrySettingsAdapterRegistryImpl/MegaCraftingPlugin [bigbenchtheory]/" done in 13.59 μs
[01:54:41] [ForkJoinPool.commonPool-worker-2/DEBUG] [END] Reloading Section: "reloadable-plugin/EntrySettingsAdapterRegistryImpl/DefaultRuntimePlugin [roughlyenoughitems]/"
[01:54:41] [ForkJoinPool.commonPool-worker-2/DEBUG] [END] Reloading Section: "reloadable-plugin/EntrySettingsAdapterRegistryImpl/DefaultRuntimePlugin [roughlyenoughitems]/" done in 13.47 μs
[01:54:41] [ForkJoinPool.commonPool-worker-2/DEBUG] [END] Reloading Section: "reloadable-plugin/EntrySettingsAdapterRegistryImpl/ImprovedStationsREIContainerInfo [improved-stations]/"
[01:54:41] [ForkJoinPool.commonPool-worker-2/DEBUG] [END] Reloading Section: "reloadable-plugin/EntrySettingsAdapterRegistryImpl/ImprovedStationsREIContainerInfo [improved-stations]/" done in 13.57 μs
[01:54:41] [ForkJoinPool.commonPool-worker-2/DEBUG] [END] Reloading Section: "reloadable-plugin/EntrySettingsAdapterRegistryImpl/AdornReiServer [adorn]/"
[01:54:41] [ForkJoinPool.commonPool-worker-2/DEBUG] [END] Reloading Section: "reloadable-plugin/EntrySettingsAdapterRegistryImpl/AdornReiServer [adorn]/" done in 30.34 μs
[01:54:41] [ForkJoinPool.commonPool-worker-2/DEBUG] [END] Reloading Section: "reloadable-plugin/EntrySettingsAdapterRegistryImpl/" done in 998.3 μs
[01:54:41] [ForkJoinPool.commonPool-worker-2/DEBUG] [END] Reloading Section: "reloadable-plugin/RecipeManagerContextImpl/"
[01:54:41] [ForkJoinPool.commonPool-worker-2/DEBUG] [END] Reloading Section: "reloadable-plugin/RecipeManagerContextImpl/DefaultPlugin [roughlyenoughitems]/"
[01:54:41] [ForkJoinPool.commonPool-worker-2/DEBUG] [END] Reloading Section: "reloadable-plugin/RecipeManagerContextImpl/DefaultPlugin [roughlyenoughitems]/" done in 14.78 μs
[01:54:41] [ForkJoinPool.commonPool-worker-2/DEBUG] [END] Reloading Section: "reloadable-plugin/RecipeManagerContextImpl/FabricFluidAPISupportPlugin/"
[01:54:41] [ForkJoinPool.commonPool-worker-2/DEBUG] [END] Reloading Section: "reloadable-plugin/RecipeManagerContextImpl/FabricFluidAPISupportPlugin/" done in 13.02 μs
[01:54:41] [ForkJoinPool.commonPool-worker-2/DEBUG] [END] Reloading Section: "reloadable-plugin/RecipeManagerContextImpl/REIServerIntegration [spectrum]/"
[01:54:41] [ForkJoinPool.commonPool-worker-2/DEBUG] [END] Reloading Section: "reloadable-plugin/RecipeManagerContextImpl/REIServerIntegration [spectrum]/" done in 12.86 μs
[01:54:41] [ForkJoinPool.commonPool-worker-2/DEBUG] [END] Reloading Section: "reloadable-plugin/RecipeManagerContextImpl/ConjuringCommonPlugin [conjuring]/"
[01:54:41] [ForkJoinPool.commonPool-worker-2/DEBUG] [END] Reloading Section: "reloadable-plugin/RecipeManagerContextImpl/ConjuringCommonPlugin [conjuring]/" done in 12.68 μs
[01:54:41] [ForkJoinPool.commonPool-worker-2/DEBUG] [END] Reloading Section: "reloadable-plugin/RecipeManagerContextImpl/MegaCraftingPlugin [bigbenchtheory]/"
[01:54:41] [ForkJoinPool.commonPool-worker-2/DEBUG] [END] Reloading Section: "reloadable-plugin/RecipeManagerContextImpl/MegaCraftingPlugin [bigbenchtheory]/" done in 15.61 μs
[01:54:41] [ForkJoinPool.commonPool-worker-2/DEBUG] [END] Reloading Section: "reloadable-plugin/RecipeManagerContextImpl/DefaultRuntimePlugin [roughlyenoughitems]/"
[01:54:41] [ForkJoinPool.commonPool-worker-2/DEBUG] [END] Reloading Section: "reloadable-plugin/RecipeManagerContextImpl/DefaultRuntimePlugin [roughlyenoughitems]/" done in 12.90 μs
[01:54:41] [ForkJoinPool.commonPool-worker-2/DEBUG] [END] Reloading Section: "reloadable-plugin/RecipeManagerContextImpl/ImprovedStationsREIContainerInfo [improved-stations]/"
[01:54:41] [ForkJoinPool.commonPool-worker-2/DEBUG] [END] Reloading Section: "reloadable-plugin/RecipeManagerContextImpl/ImprovedStationsREIContainerInfo [improved-stations]/" done in 13.41 μs
[01:54:41] [ForkJoinPool.commonPool-worker-2/DEBUG] [END] Reloading Section: "reloadable-plugin/RecipeManagerContextImpl/AdornReiServer [adorn]/"
[01:54:41] [ForkJoinPool.commonPool-worker-2/DEBUG] [END] Reloading Section: "reloadable-plugin/RecipeManagerContextImpl/AdornReiServer [adorn]/" done in 15.28 μs
[01:54:41] [ForkJoinPool.commonPool-worker-2/DEBUG] [END] Reloading Section: "reloadable-plugin/RecipeManagerContextImpl/" done in 1.031 ms
[01:54:41] [ForkJoinPool.commonPool-worker-2/DEBUG] [END] Reloading Section: "reloadable-plugin/ItemComparatorRegistryImpl/"
[01:54:41] [ForkJoinPool.commonPool-worker-2/DEBUG] [END] Reloading Section: "reloadable-plugin/ItemComparatorRegistryImpl/DefaultPlugin [roughlyenoughitems]/"
[01:54:41] [ForkJoinPool.commonPool-worker-2/DEBUG] [END] Reloading Section: "reloadable-plugin/ItemComparatorRegistryImpl/DefaultPlugin [roughlyenoughitems]/" done in 12.16 μs
[01:54:41] [ForkJoinPool.commonPool-worker-2/DEBUG] [END] Reloading Section: "reloadable-plugin/ItemComparatorRegistryImpl/FabricFluidAPISupportPlugin/"
[01:54:41] [ForkJoinPool.commonPool-worker-2/DEBUG] [END] Reloading Section: "reloadable-plugin/ItemComparatorRegistryImpl/FabricFluidAPISupportPlugin/" done in 13.17 μs
[01:54:41] [ForkJoinPool.commonPool-worker-2/DEBUG] [END] Reloading Section: "reloadable-plugin/ItemComparatorRegistryImpl/REIServerIntegration [spectrum]/"
[01:54:41] [ForkJoinPool.commonPool-worker-2/DEBUG] [END] Reloading Section: "reloadable-plugin/ItemComparatorRegistryImpl/REIServerIntegration [spectrum]/" done in 12.68 μs
[01:54:41] [ForkJoinPool.commonPool-worker-2/DEBUG] [END] Reloading Section: "reloadable-plugin/ItemComparatorRegistryImpl/ConjuringCommonPlugin [conjuring]/"
[01:54:41] [ForkJoinPool.commonPool-worker-2/DEBUG] [END] Reloading Section: "reloadable-plugin/ItemComparatorRegistryImpl/ConjuringCommonPlugin [conjuring]/" done in 12.50 μs
[01:54:41] [ForkJoinPool.commonPool-worker-2/DEBUG] [END] Reloading Section: "reloadable-plugin/ItemComparatorRegistryImpl/MegaCraftingPlugin [bigbenchtheory]/"
[01:54:41] [ForkJoinPool.commonPool-worker-2/DEBUG] [END] Reloading Section: "reloadable-plugin/ItemComparatorRegistryImpl/MegaCraftingPlugin [bigbenchtheory]/" done in 12.93 μs
[01:54:41] [ForkJoinPool.commonPool-worker-2/DEBUG] [END] Reloading Section: "reloadable-plugin/ItemComparatorRegistryImpl/DefaultRuntimePlugin [roughlyenoughitems]/"
[01:54:41] [ForkJoinPool.commonPool-worker-2/DEBUG] [END] Reloading Section: "reloadable-plugin/ItemComparatorRegistryImpl/DefaultRuntimePlugin [roughlyenoughitems]/" done in 13.38 μs
[01:54:41] [ForkJoinPool.commonPool-worker-2/DEBUG] [END] Reloading Section: "reloadable-plugin/ItemComparatorRegistryImpl/ImprovedStationsREIContainerInfo [improved-stations]/"
[01:54:41] [ForkJoinPool.commonPool-worker-2/DEBUG] [END] Reloading Section: "reloadable-plugin/ItemComparatorRegistryImpl/ImprovedStationsREIContainerInfo [improved-stations]/" done in 12.72 μs
[01:54:41] [ForkJoinPool.commonPool-worker-2/DEBUG] [END] Reloading Section: "reloadable-plugin/ItemComparatorRegistryImpl/AdornReiServer [adorn]/"
[01:54:41] [ForkJoinPool.commonPool-worker-2/DEBUG] [END] Reloading Section: "reloadable-plugin/ItemComparatorRegistryImpl/AdornReiServer [adorn]/" done in 13.37 μs
[01:54:41] [ForkJoinPool.commonPool-worker-2/DEBUG] [END] Reloading Section: "reloadable-plugin/ItemComparatorRegistryImpl/" done in 1.004 ms
[01:54:41] [ForkJoinPool.commonPool-worker-2/DEBUG] [END] Reloading Section: "reloadable-plugin/FluidComparatorRegistryImpl/"
[01:54:41] [ForkJoinPool.commonPool-worker-2/DEBUG] [END] Reloading Section: "reloadable-plugin/FluidComparatorRegistryImpl/DefaultPlugin [roughlyenoughitems]/"
[01:54:41] [ForkJoinPool.commonPool-worker-2/DEBUG] [END] Reloading Section: "reloadable-plugin/FluidComparatorRegistryImpl/DefaultPlugin [roughlyenoughitems]/" done in 12.80 μs
[01:54:41] [ForkJoinPool.commonPool-worker-2/DEBUG] [END] Reloading Section: "reloadable-plugin/FluidComparatorRegistryImpl/FabricFluidAPISupportPlugin/"
[01:54:41] [ForkJoinPool.commonPool-worker-2/DEBUG] [END] Reloading Section: "reloadable-plugin/FluidComparatorRegistryImpl/FabricFluidAPISupportPlugin/" done in 13.21 μs
[01:54:41] [ForkJoinPool.commonPool-worker-2/DEBUG] [END] Reloading Section: "reloadable-plugin/FluidComparatorRegistryImpl/REIServerIntegration [spectrum]/"
[01:54:41] [ForkJoinPool.commonPool-worker-2/DEBUG] [END] Reloading Section: "reloadable-plugin/FluidComparatorRegistryImpl/REIServerIntegration [spectrum]/" done in 12.94 μs
[01:54:41] [ForkJoinPool.commonPool-worker-2/DEBUG] [END] Reloading Section: "reloadable-plugin/FluidComparatorRegistryImpl/ConjuringCommonPlugin [conjuring]/"
[01:54:41] [ForkJoinPool.commonPool-worker-2/DEBUG] [END] Reloading Section: "reloadable-plugin/FluidComparatorRegistryImpl/ConjuringCommonPlugin [conjuring]/" done in 13.44 μs
[01:54:41] [ForkJoinPool.commonPool-worker-2/DEBUG] [END] Reloading Section: "reloadable-plugin/FluidComparatorRegistryImpl/MegaCraftingPlugin [bigbenchtheory]/"
[01:54:41] [ForkJoinPool.commonPool-worker-2/DEBUG] [END] Reloading Section: "reloadable-plugin/FluidComparatorRegistryImpl/MegaCraftingPlugin [bigbenchtheory]/" done in 12.90 μs
[01:54:41] [ForkJoinPool.commonPool-worker-2/DEBUG] [END] Reloading Section: "reloadable-plugin/FluidComparatorRegistryImpl/DefaultRuntimePlugin [roughlyenoughitems]/"
[01:54:41] [ForkJoinPool.commonPool-worker-2/DEBUG] [END] Reloading Section: "reloadable-plugin/FluidComparatorRegistryImpl/DefaultRuntimePlugin [roughlyenoughitems]/" done in 13.23 μs
[01:54:41] [ForkJoinPool.commonPool-worker-2/DEBUG] [END] Reloading Section: "reloadable-plugin/FluidComparatorRegistryImpl/ImprovedStationsREIContainerInfo [improved-stations]/"
[01:54:41] [ForkJoinPool.commonPool-worker-2/DEBUG] [END] Reloading Section: "reloadable-plugin/FluidComparatorRegistryImpl/ImprovedStationsREIContainerInfo [improved-stations]/" done in 12.91 μs
[01:54:41] [ForkJoinPool.commonPool-worker-2/DEBUG] [END] Reloading Section: "reloadable-plugin/FluidComparatorRegistryImpl/AdornReiServer [adorn]/"
[01:54:41] [ForkJoinPool.commonPool-worker-2/DEBUG] [END] Reloading Section: "reloadable-plugin/FluidComparatorRegistryImpl/AdornReiServer [adorn]/" done in 13.27 μs
[01:54:41] [ForkJoinPool.commonPool-worker-2/DEBUG] [END] Reloading Section: "reloadable-plugin/FluidComparatorRegistryImpl/" done in 1.009 ms
[01:54:41] [ForkJoinPool.commonPool-worker-2/DEBUG] [END] Reloading Section: "reloadable-plugin/DisplaySerializerRegistryImpl/"
[01:54:41] [ForkJoinPool.commonPool-worker-2/DEBUG] [END] Reloading Section: "reloadable-plugin/DisplaySerializerRegistryImpl/DefaultPlugin [roughlyenoughitems]/"
[01:54:41] [ForkJoinPool.commonPool-worker-2/DEBUG] [END] Reloading Section: "reloadable-plugin/DisplaySerializerRegistryImpl/DefaultPlugin [roughlyenoughitems]/" done in 25.68 ms
[01:54:41] [ForkJoinPool.commonPool-worker-2/DEBUG] [END] Reloading Section: "reloadable-plugin/DisplaySerializerRegistryImpl/FabricFluidAPISupportPlugin/"
[01:54:41] [ForkJoinPool.commonPool-worker-2/DEBUG] [END] Reloading Section: "reloadable-plugin/DisplaySerializerRegistryImpl/FabricFluidAPISupportPlugin/" done in 16.67 μs
[01:54:41] [ForkJoinPool.commonPool-worker-2/DEBUG] [END] Reloading Section: "reloadable-plugin/DisplaySerializerRegistryImpl/REIServerIntegration [spectrum]/"
[01:54:41] [ForkJoinPool.commonPool-worker-2/DEBUG] [END] Reloading Section: "reloadable-plugin/DisplaySerializerRegistryImpl/REIServerIntegration [spectrum]/" done in 2.257 ms
[01:54:41] [ForkJoinPool.commonPool-worker-2/DEBUG] [END] Reloading Section: "reloadable-plugin/DisplaySerializerRegistryImpl/ConjuringCommonPlugin [conjuring]/"
[01:54:41] [ForkJoinPool.commonPool-worker-2/DEBUG] [END] Reloading Section: "reloadable-plugin/DisplaySerializerRegistryImpl/ConjuringCommonPlugin [conjuring]/" done in 550.4 μs
[01:54:41] [ForkJoinPool.commonPool-worker-2/DEBUG] [END] Reloading Section: "reloadable-plugin/DisplaySerializerRegistryImpl/MegaCraftingPlugin [bigbenchtheory]/"
[01:54:41] [ForkJoinPool.commonPool-worker-2/DEBUG] [END] Reloading Section: "reloadable-plugin/DisplaySerializerRegistryImpl/MegaCraftingPlugin [bigbenchtheory]/" done in 1.634 ms
[01:54:41] [ForkJoinPool.commonPool-worker-2/DEBUG] [END] Reloading Section: "reloadable-plugin/DisplaySerializerRegistryImpl/DefaultRuntimePlugin [roughlyenoughitems]/"
[01:54:41] [ForkJoinPool.commonPool-worker-2/DEBUG] [END] Reloading Section: "reloadable-plugin/DisplaySerializerRegistryImpl/DefaultRuntimePlugin [roughlyenoughitems]/" done in 14.72 μs
[01:54:41] [ForkJoinPool.commonPool-worker-2/DEBUG] [END] Reloading Section: "reloadable-plugin/DisplaySerializerRegistryImpl/ImprovedStationsREIContainerInfo [improved-stations]/"
[01:54:41] [ForkJoinPool.commonPool-worker-2/DEBUG] [END] Reloading Section: "reloadable-plugin/DisplaySerializerRegistryImpl/ImprovedStationsREIContainerInfo [improved-stations]/" done in 13.85 μs
[01:54:41] [ForkJoinPool.commonPool-worker-2/DEBUG] [END] Reloading Section: "reloadable-plugin/DisplaySerializerRegistryImpl/AdornReiServer [adorn]/"
[01:54:41] [ForkJoinPool.commonPool-worker-2/DEBUG] [END] Reloading Section: "reloadable-plugin/DisplaySerializerRegistryImpl/AdornReiServer [adorn]/" done in 518.8 μs
[01:54:41] [ForkJoinPool.commonPool-worker-2/DEBUG] [END] Reloading Section: "reloadable-plugin/DisplaySerializerRegistryImpl/" done in 31.74 ms
[01:54:41] [ForkJoinPool.commonPool-worker-2/DEBUG] [END] Reloading Section: "reloadable-plugin/FluidSupportProviderImpl/"
[01:54:41] [ForkJoinPool.commonPool-worker-2/DEBUG] [END] Reloading Section: "reloadable-plugin/FluidSupportProviderImpl/DefaultPlugin [roughlyenoughitems]/"
[01:54:41] [ForkJoinPool.commonPool-worker-2/DEBUG] [END] Reloading Section: "reloadable-plugin/FluidSupportProviderImpl/DefaultPlugin [roughlyenoughitems]/" done in 15.40 μs
[01:54:41] [ForkJoinPool.commonPool-worker-2/DEBUG] [END] Reloading Section: "reloadable-plugin/FluidSupportProviderImpl/FabricFluidAPISupportPlugin/"
[01:54:41] [ForkJoinPool.commonPool-worker-2/DEBUG] [END] Reloading Section: "reloadable-plugin/FluidSupportProviderImpl/FabricFluidAPISupportPlugin/" done in 13.45 μs
[01:54:41] [ForkJoinPool.commonPool-worker-2/DEBUG] [END] Reloading Section: "reloadable-plugin/FluidSupportProviderImpl/REIServerIntegration [spectrum]/"
[01:54:41] [ForkJoinPool.commonPool-worker-2/DEBUG] [END] Reloading Section: "reloadable-plugin/FluidSupportProviderImpl/REIServerIntegration [spectrum]/" done in 14.62 μs
[01:54:41] [ForkJoinPool.commonPool-worker-2/DEBUG] [END] Reloading Section: "reloadable-plugin/FluidSupportProviderImpl/ConjuringCommonPlugin [conjuring]/"
[01:54:41] [ForkJoinPool.commonPool-worker-2/DEBUG] [END] Reloading Section: "reloadable-plugin/FluidSupportProviderImpl/ConjuringCommonPlugin [conjuring]/" done in 13.02 μs
[01:54:41] [ForkJoinPool.commonPool-worker-2/DEBUG] [END] Reloading Section: "reloadable-plugin/FluidSupportProviderImpl/MegaCraftingPlugin [bigbenchtheory]/"
[01:54:41] [ForkJoinPool.commonPool-worker-2/DEBUG] [END] Reloading Section: "reloadable-plugin/FluidSupportProviderImpl/MegaCraftingPlugin [bigbenchtheory]/" done in 13.32 μs
[01:54:41] [ForkJoinPool.commonPool-worker-2/DEBUG] [END] Reloading Section: "reloadable-plugin/FluidSupportProviderImpl/DefaultRuntimePlugin [roughlyenoughitems]/"
[01:54:41] [ForkJoinPool.commonPool-worker-2/DEBUG] [END] Reloading Section: "reloadable-plugin/FluidSupportProviderImpl/DefaultRuntimePlugin [roughlyenoughitems]/" done in 12.92 μs
[01:54:41] [ForkJoinPool.commonPool-worker-2/DEBUG] [END] Reloading Section: "reloadable-plugin/FluidSupportProviderImpl/ImprovedStationsREIContainerInfo [improved-stations]/"
[01:54:41] [ForkJoinPool.commonPool-worker-2/DEBUG] [END] Reloading Section: "reloadable-plugin/FluidSupportProviderImpl/ImprovedStationsREIContainerInfo [improved-stations]/" done in 12.95 μs
[01:54:41] [ForkJoinPool.commonPool-worker-2/DEBUG] [END] Reloading Section: "reloadable-plugin/FluidSupportProviderImpl/AdornReiServer [adorn]/"
[01:54:41] [ForkJoinPool.commonPool-worker-2/DEBUG] [END] Reloading Section: "reloadable-plugin/FluidSupportProviderImpl/AdornReiServer [adorn]/" done in 13.58 μs
[01:54:41] [ForkJoinPool.commonPool-worker-2/DEBUG] [END] Reloading Section: "reloadable-plugin/FluidSupportProviderImpl/" done in 926.8 μs
[01:54:41] [ForkJoinPool.commonPool-worker-2/DEBUG] [END] Reloading Section: "end-reload/"
[01:54:41] [ForkJoinPool.commonPool-worker-2/DEBUG] [END] Reloading Section: "end-reload/EntryTypeRegistryImpl/"
[01:54:41] [ForkJoinPool.commonPool-worker-2/DEBUG] [END] Reloading Section: "end-reload/EntryTypeRegistryImpl/" done in 8.029 μs
[01:54:41] [ForkJoinPool.commonPool-worker-2/DEBUG] [END] Reloading Section: "end-reload/EntrySettingsAdapterRegistryImpl/"
[01:54:41] [ForkJoinPool.commonPool-worker-2/DEBUG] [END] Reloading Section: "end-reload/EntrySettingsAdapterRegistryImpl/" done in 7.884 μs
[01:54:41] [ForkJoinPool.commonPool-worker-2/DEBUG] [END] Reloading Section: "end-reload/RecipeManagerContextImpl/"
[01:54:41] [ForkJoinPool.commonPool-worker-2/DEBUG] [END] Reloading Section: "end-reload/RecipeManagerContextImpl/" done in 7.848 μs
[01:54:41] [ForkJoinPool.commonPool-worker-2/DEBUG] [END] Reloading Section: "end-reload/ItemComparatorRegistryImpl/"
[01:54:41] [ForkJoinPool.commonPool-worker-2/DEBUG] [END] Reloading Section: "end-reload/ItemComparatorRegistryImpl/" done in 8.115 μs
[01:54:41] [ForkJoinPool.commonPool-worker-2/DEBUG] [END] Reloading Section: "end-reload/FluidComparatorRegistryImpl/"
[01:54:41] [ForkJoinPool.commonPool-worker-2/DEBUG] [END] Reloading Section: "end-reload/FluidComparatorRegistryImpl/" done in 7.794 μs
[01:54:41] [ForkJoinPool.commonPool-worker-2/DEBUG] [END] Reloading Section: "end-reload/DisplaySerializerRegistryImpl/"
[01:54:41] [ForkJoinPool.commonPool-worker-2/DEBUG] [END] Reloading Section: "end-reload/DisplaySerializerRegistryImpl/" done in 7.553 μs
[01:54:41] [ForkJoinPool.commonPool-worker-2/DEBUG] [END] Reloading Section: "end-reload/FluidSupportProviderImpl/"
[01:54:41] [ForkJoinPool.commonPool-worker-2/DEBUG] [END] Reloading Section: "end-reload/FluidSupportProviderImpl/" done in 7.781 μs
[01:54:41] [ForkJoinPool.commonPool-worker-2/DEBUG] [END] Reloading Section: "end-reload/" done in 717.2 μs
[01:54:41] [ForkJoinPool.commonPool-worker-2/INFO] Reloaded Plugin Manager [REIPlugin] with 2 entry types, 5 item comparators, 0 fluid comparators and 2 fluid support providers in 40ms.
[01:54:41] [ForkJoinPool.commonPool-worker-2/DEBUG] [END] Reloading Section: "start-reload/"
[01:54:41] [ForkJoinPool.commonPool-worker-2/DEBUG] [END] Reloading Section: "start-reload/MenuInfoRegistryImpl/"
[01:54:41] [ForkJoinPool.commonPool-worker-2/DEBUG] [END] Reloading Section: "start-reload/MenuInfoRegistryImpl/" done in 15.58 μs
[01:54:41] [ForkJoinPool.commonPool-worker-2/DEBUG] [END] Reloading Section: "start-reload/" done in 120.7 μs
[01:54:41] [ForkJoinPool.commonPool-worker-2/INFO] Reloading Plugin Manager [REIServerPlugin] stage [END], registered 8 plugins: AdornReiServer [adorn], ImprovedStationsREIContainerInfo [improved-stations], DefaultRuntimePlugin [roughlyenoughitems], MegaCraftingPlugin [bigbenchtheory], ConjuringCommonPlugin [conjuring], REIServerIntegration [spectrum], FabricFluidAPISupportPlugin, DefaultPlugin [roughlyenoughitems]
[01:54:41] [ForkJoinPool.commonPool-worker-2/DEBUG] [END] Reloading Section: "reloadable-plugin/MenuInfoRegistryImpl/"
[01:54:41] [ForkJoinPool.commonPool-worker-2/DEBUG] [END] Reloading Section: "reloadable-plugin/MenuInfoRegistryImpl/DefaultPlugin [roughlyenoughitems]/"
[01:54:41] [ForkJoinPool.commonPool-worker-2/DEBUG] [END] Reloading Section: "reloadable-plugin/MenuInfoRegistryImpl/DefaultPlugin [roughlyenoughitems]/" done in 6.195 ms
[01:54:41] [ForkJoinPool.commonPool-worker-2/DEBUG] [END] Reloading Section: "reloadable-plugin/MenuInfoRegistryImpl/FabricFluidAPISupportPlugin/"
[01:54:41] [ForkJoinPool.commonPool-worker-2/DEBUG] [END] Reloading Section: "reloadable-plugin/MenuInfoRegistryImpl/FabricFluidAPISupportPlugin/" done in 14.22 μs
[01:54:41] [ForkJoinPool.commonPool-worker-2/DEBUG] [END] Reloading Section: "reloadable-plugin/MenuInfoRegistryImpl/REIServerIntegration [spectrum]/"
[01:54:41] [ForkJoinPool.commonPool-worker-2/DEBUG] [END] Reloading Section: "reloadable-plugin/MenuInfoRegistryImpl/REIServerIntegration [spectrum]/" done in 584.3 μs
[01:54:41] [ForkJoinPool.commonPool-worker-2/DEBUG] [END] Reloading Section: "reloadable-plugin/MenuInfoRegistryImpl/ConjuringCommonPlugin [conjuring]/"
[01:54:41] [ForkJoinPool.commonPool-worker-2/DEBUG] [END] Reloading Section: "reloadable-plugin/MenuInfoRegistryImpl/ConjuringCommonPlugin [conjuring]/" done in 1.053 ms
[01:54:41] [ForkJoinPool.commonPool-worker-2/DEBUG] [END] Reloading Section: "reloadable-plugin/MenuInfoRegistryImpl/MegaCraftingPlugin [bigbenchtheory]/"
[01:54:41] [ForkJoinPool.commonPool-worker-2/DEBUG] [END] Reloading Section: "reloadable-plugin/MenuInfoRegistryImpl/MegaCraftingPlugin [bigbenchtheory]/" done in 1.421 ms
[01:54:41] [ForkJoinPool.commonPool-worker-2/DEBUG] [END] Reloading Section: "reloadable-plugin/MenuInfoRegistryImpl/DefaultRuntimePlugin [roughlyenoughitems]/"
[01:54:41] [ForkJoinPool.commonPool-worker-2/DEBUG] [END] Reloading Section: "reloadable-plugin/MenuInfoRegistryImpl/DefaultRuntimePlugin [roughlyenoughitems]/" done in 12.05 μs
[01:54:41] [ForkJoinPool.commonPool-worker-2/DEBUG] [END] Reloading Section: "reloadable-plugin/MenuInfoRegistryImpl/ImprovedStationsREIContainerInfo [improved-stations]/"
[01:54:41] [ForkJoinPool.commonPool-worker-2/DEBUG] [END] Reloading Section: "reloadable-plugin/MenuInfoRegistryImpl/ImprovedStationsREIContainerInfo [improved-stations]/" done in 1.108 ms
[01:54:41] [ForkJoinPool.commonPool-worker-2/DEBUG] [END] Reloading Section: "reloadable-plugin/MenuInfoRegistryImpl/AdornReiServer [adorn]/"
[01:54:41] [ForkJoinPool.commonPool-worker-2/DEBUG] [END] Reloading Section: "reloadable-plugin/MenuInfoRegistryImpl/AdornReiServer [adorn]/" done in 25.47 μs
[01:54:41] [ForkJoinPool.commonPool-worker-2/DEBUG] [END] Reloading Section: "reloadable-plugin/MenuInfoRegistryImpl/" done in 11.41 ms
[01:54:41] [ForkJoinPool.commonPool-worker-2/DEBUG] [END] Reloading Section: "end-reload/"
[01:54:41] [ForkJoinPool.commonPool-worker-2/DEBUG] [END] Reloading Section: "end-reload/MenuInfoRegistryImpl/"
[01:54:41] [ForkJoinPool.commonPool-worker-2/DEBUG] [END] Reloading Section: "end-reload/MenuInfoRegistryImpl/" done in 7.815 μs
[01:54:41] [ForkJoinPool.commonPool-worker-2/DEBUG] [END] Reloading Section: "end-reload/" done in 106.7 μs
[01:54:41] [ForkJoinPool.commonPool-worker-2/INFO] Reloaded Plugin Manager [REIServerPlugin] with 7 menu infos in 12ms.
[01:54:41] [ForkJoinPool.commonPool-worker-2/DEBUG] [END] Reloading Section: "post-register/"
[01:54:41] [ForkJoinPool.commonPool-worker-2/DEBUG] [END] Reloading Section: "post-register/DefaultPlugin [roughlyenoughitems]/"
[01:54:41] [ForkJoinPool.commonPool-worker-2/DEBUG] [END] Reloading Section: "post-register/DefaultPlugin [roughlyenoughitems]/" done in 17.25 μs
[01:54:41] [ForkJoinPool.commonPool-worker-2/DEBUG] [END] Reloading Section: "post-register/FabricFluidAPISupportPlugin/"
[01:54:41] [ForkJoinPool.commonPool-worker-2/DEBUG] [END] Reloading Section: "post-register/FabricFluidAPISupportPlugin/" done in 8.179 μs
[01:54:41] [ForkJoinPool.commonPool-worker-2/DEBUG] [END] Reloading Section: "post-register/REIServerIntegration [spectrum]/"
[01:54:41] [ForkJoinPool.commonPool-worker-2/DEBUG] [END] Reloading Section: "post-register/REIServerIntegration [spectrum]/" done in 7.787 μs
[01:54:41] [ForkJoinPool.commonPool-worker-2/DEBUG] [END] Reloading Section: "post-register/ConjuringCommonPlugin [conjuring]/"
[01:54:41] [ForkJoinPool.commonPool-worker-2/DEBUG] [END] Reloading Section: "post-register/ConjuringCommonPlugin [conjuring]/" done in 7.656 μs
[01:54:41] [ForkJoinPool.commonPool-worker-2/DEBUG] [END] Reloading Section: "post-register/MegaCraftingPlugin [bigbenchtheory]/"
[01:54:41] [ForkJoinPool.commonPool-worker-2/DEBUG] [END] Reloading Section: "post-register/MegaCraftingPlugin [bigbenchtheory]/" done in 7.806 μs
[01:54:41] [ForkJoinPool.commonPool-worker-2/DEBUG] [END] Reloading Section: "post-register/DefaultRuntimePlugin [roughlyenoughitems]/"
[01:54:41] [ForkJoinPool.commonPool-worker-2/DEBUG] [END] Reloading Section: "post-register/DefaultRuntimePlugin [roughlyenoughitems]/" done in 7.973 μs
[01:54:41] [ForkJoinPool.commonPool-worker-2/DEBUG] [END] Reloading Section: "post-register/ImprovedStationsREIContainerInfo [improved-stations]/"
[01:54:41] [ForkJoinPool.commonPool-worker-2/DEBUG] [END] Reloading Section: "post-register/ImprovedStationsREIContainerInfo [improved-stations]/" done in 7.630 μs
[01:54:41] [ForkJoinPool.commonPool-worker-2/DEBUG] [END] Reloading Section: "post-register/AdornReiServer [adorn]/"
[01:54:41] [ForkJoinPool.commonPool-worker-2/DEBUG] [END] Reloading Section: "post-register/AdornReiServer [adorn]/" done in 8.161 μs
[01:54:41] [ForkJoinPool.commonPool-worker-2/DEBUG] [END] Reloading Section: "post-register/" done in 849.2 μs
[01:54:41] [ForkJoinPool.commonPool-worker-2/DEBUG] [END] Reloading Section: "post-register/"
[01:54:41] [ForkJoinPool.commonPool-worker-2/DEBUG] [END] Reloading Section: "post-register/DefaultPlugin [roughlyenoughitems]/"
[01:54:41] [ForkJoinPool.commonPool-worker-2/DEBUG] [END] Reloading Section: "post-register/DefaultPlugin [roughlyenoughitems]/" done in 7.792 μs
[01:54:41] [ForkJoinPool.commonPool-worker-2/DEBUG] [END] Reloading Section: "post-register/FabricFluidAPISupportPlugin/"
[01:54:41] [ForkJoinPool.commonPool-worker-2/DEBUG] [END] Reloading Section: "post-register/FabricFluidAPISupportPlugin/" done in 7.636 μs
[01:54:41] [ForkJoinPool.commonPool-worker-2/DEBUG] [END] Reloading Section: "post-register/REIServerIntegration [spectrum]/"
[01:54:41] [ForkJoinPool.commonPool-worker-2/DEBUG] [END] Reloading Section: "post-register/REIServerIntegration [spectrum]/" done in 8.049 μs
[01:54:41] [ForkJoinPool.commonPool-worker-2/DEBUG] [END] Reloading Section: "post-register/ConjuringCommonPlugin [conjuring]/"
[01:54:41] [ForkJoinPool.commonPool-worker-2/DEBUG] [END] Reloading Section: "post-register/ConjuringCommonPlugin [conjuring]/" done in 8.038 μs
[01:54:41] [ForkJoinPool.commonPool-worker-2/DEBUG] [END] Reloading Section: "post-register/MegaCraftingPlugin [bigbenchtheory]/"
[01:54:41] [ForkJoinPool.commonPool-worker-2/DEBUG] [END] Reloading Section: "post-register/MegaCraftingPlugin [bigbenchtheory]/" done in 8.610 μs
[01:54:41] [ForkJoinPool.commonPool-worker-2/DEBUG] [END] Reloading Section: "post-register/DefaultRuntimePlugin [roughlyenoughitems]/"
[01:54:41] [ForkJoinPool.commonPool-worker-2/DEBUG] [END] Reloading Section: "post-register/DefaultRuntimePlugin [roughlyenoughitems]/" done in 8.478 μs
[01:54:41] [ForkJoinPool.commonPool-worker-2/DEBUG] [END] Reloading Section: "post-register/ImprovedStationsREIContainerInfo [improved-stations]/"
[01:54:41] [ForkJoinPool.commonPool-worker-2/DEBUG] [END] Reloading Section: "post-register/ImprovedStationsREIContainerInfo [improved-stations]/" done in 8.888 μs
[01:54:41] [ForkJoinPool.commonPool-worker-2/DEBUG] [END] Reloading Section: "post-register/AdornReiServer [adorn]/"
[01:54:41] [ForkJoinPool.commonPool-worker-2/DEBUG] [END] Reloading Section: "post-register/AdornReiServer [adorn]/" done in 10.43 μs
[01:54:41] [ForkJoinPool.commonPool-worker-2/DEBUG] [END] Reloading Section: "post-register/" done in 778.1 μs
